{"C:\\Users\\rebtt\\Desktop\\app\\PopRun\\pages\\run\\run.js": {"path":"C:\\Users\\rebtt\\Desktop\\app\\PopRun\\pages\\run\\run.js","statementMap":{"0":{"start":{"line":3,"column":12},"end":{"line":3,"column":20}},"1":{"start":{"line":4,"column":15},"end":{"line":4,"column":42}},"2":{"start":{"line":5,"column":14},"end":{"line":5,"column":42}},"3":{"start":{"line":6,"column":17},"end":{"line":6,"column":48}},"4":{"start":{"line":9,"column":12},"end":{"line":9,"column":14}},"5":{"start":{"line":10,"column":12},"end":{"line":10,"column":13}},"6":{"start":{"line":11,"column":18},"end":{"line":11,"column":19}},"7":{"start":{"line":12,"column":11},"end":{"line":12,"column":12}},"8":{"start":{"line":13,"column":11},"end":{"line":13,"column":12}},"9":{"start":{"line":14,"column":12},"end":{"line":14,"column":16}},"10":{"start":{"line":15,"column":13},"end":{"line":15,"column":15}},"11":{"start":{"line":16,"column":14},"end":{"line":16,"column":25}},"12":{"start":{"line":17,"column":14},"end":{"line":17,"column":25}},"13":{"start":{"line":21,"column":2},"end":{"line":21,"column":29}},"14":{"start":{"line":25,"column":16},"end":{"line":25,"column":25}},"15":{"start":{"line":26,"column":16},"end":{"line":26,"column":25}},"16":{"start":{"line":27,"column":10},"end":{"line":27,"column":27}},"17":{"start":{"line":28,"column":10},"end":{"line":28,"column":31}},"18":{"start":{"line":29,"column":10},"end":{"line":30,"column":74}},"19":{"start":{"line":31,"column":2},"end":{"line":31,"column":19}},"20":{"start":{"line":33,"column":2},"end":{"line":33,"column":36}},"21":{"start":{"line":35,"column":2},"end":{"line":35,"column":19}},"22":{"start":{"line":36,"column":2},"end":{"line":36,"column":21}},"23":{"start":{"line":40,"column":4},"end":{"line":40,"column":37}},"24":{"start":{"line":41,"column":4},"end":{"line":41,"column":37}},"25":{"start":{"line":44,"column":0},"end":{"line":686,"column":2}},"26":{"start":{"line":74,"column":15},"end":{"line":74,"column":19}},"27":{"start":{"line":75,"column":4},"end":{"line":78,"column":7}},"28":{"start":{"line":81,"column":4},"end":{"line":81,"column":23}},"29":{"start":{"line":82,"column":4},"end":{"line":82,"column":19}},"30":{"start":{"line":84,"column":4},"end":{"line":84,"column":20}},"31":{"start":{"line":94,"column":15},"end":{"line":94,"column":28}},"32":{"start":{"line":95,"column":4},"end":{"line":98,"column":5}},"33":{"start":{"line":97,"column":6},"end":{"line":97,"column":25}},"34":{"start":{"line":99,"column":18},"end":{"line":99,"column":46}},"35":{"start":{"line":100,"column":4},"end":{"line":108,"column":5}},"36":{"start":{"line":101,"column":6},"end":{"line":107,"column":7}},"37":{"start":{"line":109,"column":4},"end":{"line":109,"column":36}},"38":{"start":{"line":113,"column":15},"end":{"line":113,"column":19}},"39":{"start":{"line":114,"column":4},"end":{"line":122,"column":6}},"40":{"start":{"line":118,"column":8},"end":{"line":120,"column":10}},"41":{"start":{"line":126,"column":15},"end":{"line":126,"column":28}},"42":{"start":{"line":127,"column":4},"end":{"line":136,"column":5}},"43":{"start":{"line":128,"column":6},"end":{"line":130,"column":9}},"44":{"start":{"line":132,"column":6},"end":{"line":135,"column":8}},"45":{"start":{"line":141,"column":4},"end":{"line":143,"column":6}},"46":{"start":{"line":144,"column":4},"end":{"line":144,"column":38}},"47":{"start":{"line":149,"column":15},"end":{"line":149,"column":19}},"48":{"start":{"line":150,"column":15},"end":{"line":150,"column":28}},"49":{"start":{"line":151,"column":4},"end":{"line":168,"column":6}},"50":{"start":{"line":158,"column":22},"end":{"line":158,"column":49}},"51":{"start":{"line":159,"column":8},"end":{"line":165,"column":9}},"52":{"start":{"line":159,"column":21},"end":{"line":159,"column":22}},"53":{"start":{"line":160,"column":10},"end":{"line":160,"column":63}},"54":{"start":{"line":161,"column":10},"end":{"line":164,"column":11}},"55":{"start":{"line":162,"column":12},"end":{"line":162,"column":30}},"56":{"start":{"line":163,"column":12},"end":{"line":163,"column":56}},"57":{"start":{"line":166,"column":8},"end":{"line":166,"column":45}},"58":{"start":{"line":173,"column":13},"end":{"line":173,"column":17}},"59":{"start":{"line":174,"column":4},"end":{"line":181,"column":6}},"60":{"start":{"line":175,"column":6},"end":{"line":180,"column":7}},"61":{"start":{"line":176,"column":8},"end":{"line":176,"column":30}},"62":{"start":{"line":177,"column":8},"end":{"line":177,"column":49}},"63":{"start":{"line":179,"column":8},"end":{"line":179,"column":33}},"64":{"start":{"line":182,"column":4},"end":{"line":182,"column":18}},"65":{"start":{"line":186,"column":4},"end":{"line":186,"column":12}},"66":{"start":{"line":187,"column":12},"end":{"line":187,"column":43}},"67":{"start":{"line":188,"column":12},"end":{"line":188,"column":58}},"68":{"start":{"line":189,"column":12},"end":{"line":189,"column":58}},"69":{"start":{"line":190,"column":4},"end":{"line":194,"column":6}},"70":{"start":{"line":199,"column":4},"end":{"line":205,"column":7}},"71":{"start":{"line":210,"column":15},"end":{"line":210,"column":19}},"72":{"start":{"line":211,"column":4},"end":{"line":231,"column":6}},"73":{"start":{"line":216,"column":25},"end":{"line":216,"column":37}},"74":{"start":{"line":217,"column":26},"end":{"line":217,"column":39}},"75":{"start":{"line":218,"column":8},"end":{"line":221,"column":10}},"76":{"start":{"line":225,"column":8},"end":{"line":225,"column":27}},"77":{"start":{"line":226,"column":8},"end":{"line":229,"column":10}},"78":{"start":{"line":236,"column":4},"end":{"line":240,"column":5}},"79":{"start":{"line":237,"column":6},"end":{"line":237,"column":20}},"80":{"start":{"line":239,"column":6},"end":{"line":239,"column":160}},"81":{"start":{"line":244,"column":15},"end":{"line":244,"column":19}},"82":{"start":{"line":245,"column":4},"end":{"line":265,"column":5}},"83":{"start":{"line":246,"column":20},"end":{"line":246,"column":43}},"84":{"start":{"line":247,"column":6},"end":{"line":262,"column":7}},"85":{"start":{"line":248,"column":8},"end":{"line":259,"column":10}},"86":{"start":{"line":258,"column":10},"end":{"line":258,"column":31}},"87":{"start":{"line":261,"column":8},"end":{"line":261,"column":29}},"88":{"start":{"line":264,"column":6},"end":{"line":264,"column":27}},"89":{"start":{"line":267,"column":6},"end":{"line":271,"column":7}},"90":{"start":{"line":268,"column":25},"end":{"line":268,"column":53}},"91":{"start":{"line":269,"column":8},"end":{"line":269,"column":46}},"92":{"start":{"line":270,"column":8},"end":{"line":270,"column":33}},"93":{"start":{"line":272,"column":6},"end":{"line":274,"column":8}},"94":{"start":{"line":275,"column":20},"end":{"line":281,"column":8}},"95":{"start":{"line":283,"column":19},"end":{"line":283,"column":20}},"96":{"start":{"line":284,"column":20},"end":{"line":295,"column":14}},"97":{"start":{"line":285,"column":8},"end":{"line":285,"column":17}},"98":{"start":{"line":286,"column":8},"end":{"line":294,"column":9}},"99":{"start":{"line":287,"column":10},"end":{"line":289,"column":13}},"100":{"start":{"line":291,"column":10},"end":{"line":291,"column":31}},"101":{"start":{"line":292,"column":10},"end":{"line":292,"column":24}},"102":{"start":{"line":293,"column":10},"end":{"line":293,"column":26}},"103":{"start":{"line":300,"column":4},"end":{"line":304,"column":5}},"104":{"start":{"line":301,"column":6},"end":{"line":303,"column":8}},"105":{"start":{"line":305,"column":15},"end":{"line":305,"column":28}},"106":{"start":{"line":306,"column":4},"end":{"line":309,"column":5}},"107":{"start":{"line":307,"column":6},"end":{"line":307,"column":39}},"108":{"start":{"line":308,"column":6},"end":{"line":308,"column":24}},"109":{"start":{"line":308,"column":17},"end":{"line":308,"column":24}},"110":{"start":{"line":310,"column":4},"end":{"line":327,"column":7}},"111":{"start":{"line":323,"column":8},"end":{"line":325,"column":9}},"112":{"start":{"line":324,"column":10},"end":{"line":324,"column":35}},"113":{"start":{"line":331,"column":15},"end":{"line":331,"column":19}},"114":{"start":{"line":332,"column":4},"end":{"line":371,"column":6}},"115":{"start":{"line":336,"column":25},"end":{"line":336,"column":37}},"116":{"start":{"line":337,"column":26},"end":{"line":337,"column":39}},"117":{"start":{"line":338,"column":8},"end":{"line":341,"column":11}},"118":{"start":{"line":343,"column":8},"end":{"line":343,"column":30}},"119":{"start":{"line":346,"column":8},"end":{"line":361,"column":11}},"120":{"start":{"line":349,"column":12},"end":{"line":349,"column":46}},"121":{"start":{"line":350,"column":12},"end":{"line":350,"column":61}},"122":{"start":{"line":351,"column":12},"end":{"line":351,"column":51}},"123":{"start":{"line":355,"column":12},"end":{"line":355,"column":31}},"124":{"start":{"line":356,"column":12},"end":{"line":359,"column":14}},"125":{"start":{"line":365,"column":8},"end":{"line":365,"column":27}},"126":{"start":{"line":366,"column":8},"end":{"line":369,"column":10}},"127":{"start":{"line":374,"column":4},"end":{"line":374,"column":39}},"128":{"start":{"line":375,"column":19},"end":{"line":375,"column":31}},"129":{"start":{"line":376,"column":20},"end":{"line":376,"column":33}},"130":{"start":{"line":377,"column":16},"end":{"line":377,"column":25}},"131":{"start":{"line":378,"column":23},"end":{"line":378,"column":45}},"132":{"start":{"line":379,"column":4},"end":{"line":379,"column":25}},"133":{"start":{"line":381,"column":19},"end":{"line":381,"column":31}},"134":{"start":{"line":382,"column":4},"end":{"line":386,"column":6}},"135":{"start":{"line":387,"column":4},"end":{"line":390,"column":7}},"136":{"start":{"line":391,"column":19},"end":{"line":391,"column":50}},"137":{"start":{"line":392,"column":4},"end":{"line":392,"column":31}},"138":{"start":{"line":393,"column":4},"end":{"line":399,"column":5}},"139":{"start":{"line":394,"column":6},"end":{"line":394,"column":39}},"140":{"start":{"line":394,"column":23},"end":{"line":394,"column":39}},"141":{"start":{"line":395,"column":6},"end":{"line":398,"column":7}},"142":{"start":{"line":396,"column":8},"end":{"line":396,"column":43}},"143":{"start":{"line":397,"column":8},"end":{"line":397,"column":25}},"144":{"start":{"line":402,"column":4},"end":{"line":402,"column":19}},"145":{"start":{"line":406,"column":17},"end":{"line":406,"column":21}},"146":{"start":{"line":407,"column":4},"end":{"line":420,"column":5}},"147":{"start":{"line":408,"column":6},"end":{"line":408,"column":27}},"148":{"start":{"line":409,"column":6},"end":{"line":409,"column":55}},"149":{"start":{"line":410,"column":6},"end":{"line":410,"column":30}},"150":{"start":{"line":411,"column":6},"end":{"line":414,"column":8}},"151":{"start":{"line":416,"column":6},"end":{"line":416,"column":22}},"152":{"start":{"line":417,"column":6},"end":{"line":419,"column":8}},"153":{"start":{"line":425,"column":17},"end":{"line":425,"column":21}},"154":{"start":{"line":426,"column":4},"end":{"line":430,"column":5}},"155":{"start":{"line":427,"column":6},"end":{"line":429,"column":8}},"156":{"start":{"line":431,"column":4},"end":{"line":431,"column":25}},"157":{"start":{"line":432,"column":4},"end":{"line":432,"column":53}},"158":{"start":{"line":433,"column":4},"end":{"line":433,"column":28}},"159":{"start":{"line":434,"column":4},"end":{"line":434,"column":17}},"160":{"start":{"line":435,"column":17},"end":{"line":435,"column":18}},"161":{"start":{"line":436,"column":20},"end":{"line":436,"column":49}},"162":{"start":{"line":437,"column":20},"end":{"line":437,"column":41}},"163":{"start":{"line":438,"column":19},"end":{"line":438,"column":51}},"164":{"start":{"line":439,"column":19},"end":{"line":439,"column":52}},"165":{"start":{"line":440,"column":4},"end":{"line":443,"column":6}},"166":{"start":{"line":455,"column":4},"end":{"line":455,"column":58}},"167":{"start":{"line":457,"column":4},"end":{"line":464,"column":6}},"168":{"start":{"line":465,"column":4},"end":{"line":465,"column":20}},"169":{"start":{"line":466,"column":4},"end":{"line":466,"column":40}},"170":{"start":{"line":467,"column":4},"end":{"line":467,"column":35}},"171":{"start":{"line":468,"column":4},"end":{"line":468,"column":41}},"172":{"start":{"line":469,"column":4},"end":{"line":469,"column":41}},"173":{"start":{"line":470,"column":4},"end":{"line":470,"column":25}},"174":{"start":{"line":471,"column":4},"end":{"line":471,"column":29}},"175":{"start":{"line":472,"column":4},"end":{"line":472,"column":29}},"176":{"start":{"line":473,"column":4},"end":{"line":473,"column":32}},"177":{"start":{"line":474,"column":4},"end":{"line":474,"column":33}},"178":{"start":{"line":475,"column":4},"end":{"line":495,"column":7}},"179":{"start":{"line":483,"column":8},"end":{"line":493,"column":9}},"180":{"start":{"line":484,"column":10},"end":{"line":484,"column":53}},"181":{"start":{"line":486,"column":10},"end":{"line":486,"column":52}},"182":{"start":{"line":487,"column":10},"end":{"line":487,"column":66}},"183":{"start":{"line":489,"column":10},"end":{"line":492,"column":12}},"184":{"start":{"line":500,"column":4},"end":{"line":500,"column":20}},"185":{"start":{"line":504,"column":4},"end":{"line":504,"column":15}},"186":{"start":{"line":505,"column":4},"end":{"line":505,"column":14}},"187":{"start":{"line":506,"column":4},"end":{"line":506,"column":20}},"188":{"start":{"line":507,"column":4},"end":{"line":507,"column":13}},"189":{"start":{"line":508,"column":4},"end":{"line":508,"column":13}},"190":{"start":{"line":509,"column":4},"end":{"line":509,"column":16}},"191":{"start":{"line":510,"column":4},"end":{"line":510,"column":23}},"192":{"start":{"line":511,"column":4},"end":{"line":525,"column":6}},"193":{"start":{"line":535,"column":4},"end":{"line":537,"column":6}},"194":{"start":{"line":541,"column":15},"end":{"line":541,"column":19}},"195":{"start":{"line":542,"column":14},"end":{"line":542,"column":30}},"196":{"start":{"line":543,"column":15},"end":{"line":543,"column":36}},"197":{"start":{"line":544,"column":4},"end":{"line":581,"column":5}},"198":{"start":{"line":545,"column":6},"end":{"line":575,"column":9}},"199":{"start":{"line":550,"column":10},"end":{"line":552,"column":12}},"200":{"start":{"line":553,"column":10},"end":{"line":571,"column":11}},"201":{"start":{"line":554,"column":12},"end":{"line":565,"column":15}},"202":{"start":{"line":559,"column":18},"end":{"line":559,"column":40}},"203":{"start":{"line":563,"column":16},"end":{"line":563,"column":63}},"204":{"start":{"line":567,"column":12},"end":{"line":570,"column":14}},"205":{"start":{"line":577,"column":6},"end":{"line":580,"column":8}},"206":{"start":{"line":586,"column":14},"end":{"line":586,"column":30}},"207":{"start":{"line":587,"column":4},"end":{"line":601,"column":6}},"208":{"start":{"line":590,"column":8},"end":{"line":593,"column":10}},"209":{"start":{"line":596,"column":8},"end":{"line":599,"column":10}},"210":{"start":{"line":605,"column":4},"end":{"line":607,"column":6}},"211":{"start":{"line":611,"column":4},"end":{"line":616,"column":5}},"212":{"start":{"line":612,"column":8},"end":{"line":614,"column":10}},"213":{"start":{"line":615,"column":8},"end":{"line":615,"column":15}},"214":{"start":{"line":617,"column":4},"end":{"line":646,"column":6}},"215":{"start":{"line":619,"column":8},"end":{"line":645,"column":10}},"216":{"start":{"line":621,"column":21},"end":{"line":621,"column":41}},"217":{"start":{"line":622,"column":12},"end":{"line":622,"column":54}},"218":{"start":{"line":623,"column":12},"end":{"line":623,"column":24}},"219":{"start":{"line":624,"column":12},"end":{"line":629,"column":13}},"220":{"start":{"line":626,"column":27},"end":{"line":626,"column":47}},"221":{"start":{"line":627,"column":14},"end":{"line":627,"column":51}},"222":{"start":{"line":628,"column":14},"end":{"line":628,"column":35}},"223":{"start":{"line":630,"column":12},"end":{"line":630,"column":56}},"224":{"start":{"line":631,"column":12},"end":{"line":641,"column":18}},"225":{"start":{"line":632,"column":14},"end":{"line":640,"column":15}},"226":{"start":{"line":633,"column":16},"end":{"line":635,"column":18}},"227":{"start":{"line":634,"column":20},"end":{"line":634,"column":53}},"228":{"start":{"line":637,"column":16},"end":{"line":639,"column":18}},"229":{"start":{"line":638,"column":20},"end":{"line":638,"column":53}},"230":{"start":{"line":642,"column":12},"end":{"line":642,"column":29}},"231":{"start":{"line":644,"column":12},"end":{"line":644,"column":26}},"232":{"start":{"line":651,"column":4},"end":{"line":658,"column":5}},"233":{"start":{"line":652,"column":6},"end":{"line":655,"column":9}},"234":{"start":{"line":657,"column":6},"end":{"line":657,"column":23}},"235":{"start":{"line":662,"column":4},"end":{"line":665,"column":6}},"236":{"start":{"line":672,"column":4},"end":{"line":683,"column":5}},"237":{"start":{"line":673,"column":6},"end":{"line":677,"column":7}},"238":{"start":{"line":679,"column":6},"end":{"line":682,"column":7}}},"fnMap":{"0":{"name":"Rad","decl":{"start":{"line":19,"column":9},"end":{"line":19,"column":12}},"loc":{"start":{"line":19,"column":16},"end":{"line":22,"column":1}},"line":19},"1":{"name":"distance","decl":{"start":{"line":24,"column":9},"end":{"line":24,"column":17}},"loc":{"start":{"line":24,"column":42},"end":{"line":37,"column":1}},"line":24},"2":{"name":"spdCheck","decl":{"start":{"line":39,"column":9},"end":{"line":39,"column":17}},"loc":{"start":{"line":39,"column":24},"end":{"line":42,"column":1}},"line":39},"3":{"name":"(anonymous_3)","decl":{"start":{"line":72,"column":15},"end":{"line":72,"column":16}},"loc":{"start":{"line":72,"column":26},"end":{"line":72,"column":28}},"line":72},"4":{"name":"(anonymous_4)","decl":{"start":{"line":73,"column":10},"end":{"line":73,"column":11}},"loc":{"start":{"line":73,"column":21},"end":{"line":85,"column":3}},"line":73},"5":{"name":"(anonymous_5)","decl":{"start":{"line":86,"column":11},"end":{"line":86,"column":12}},"loc":{"start":{"line":86,"column":21},"end":{"line":92,"column":3}},"line":86},"6":{"name":"(anonymous_6)","decl":{"start":{"line":93,"column":10},"end":{"line":93,"column":11}},"loc":{"start":{"line":93,"column":20},"end":{"line":110,"column":3}},"line":93},"7":{"name":"(anonymous_7)","decl":{"start":{"line":112,"column":2},"end":{"line":112,"column":3}},"loc":{"start":{"line":112,"column":12},"end":{"line":123,"column":3}},"line":112},"8":{"name":"(anonymous_8)","decl":{"start":{"line":116,"column":15},"end":{"line":116,"column":16}},"loc":{"start":{"line":116,"column":24},"end":{"line":121,"column":7}},"line":116},"9":{"name":"(anonymous_9)","decl":{"start":{"line":125,"column":16},"end":{"line":125,"column":17}},"loc":{"start":{"line":125,"column":27},"end":{"line":137,"column":3}},"line":125},"10":{"name":"(anonymous_10)","decl":{"start":{"line":140,"column":2},"end":{"line":140,"column":3}},"loc":{"start":{"line":140,"column":22},"end":{"line":145,"column":3}},"line":140},"11":{"name":"(anonymous_11)","decl":{"start":{"line":148,"column":2},"end":{"line":148,"column":3}},"loc":{"start":{"line":148,"column":20},"end":{"line":169,"column":3}},"line":148},"12":{"name":"(anonymous_12)","decl":{"start":{"line":157,"column":15},"end":{"line":157,"column":16}},"loc":{"start":{"line":157,"column":24},"end":{"line":167,"column":7}},"line":157},"13":{"name":"(anonymous_13)","decl":{"start":{"line":172,"column":2},"end":{"line":172,"column":3}},"loc":{"start":{"line":172,"column":18},"end":{"line":183,"column":3}},"line":172},"14":{"name":"(anonymous_14)","decl":{"start":{"line":174,"column":20},"end":{"line":174,"column":21}},"loc":{"start":{"line":174,"column":27},"end":{"line":181,"column":5}},"line":174},"15":{"name":"(anonymous_15)","decl":{"start":{"line":185,"column":11},"end":{"line":185,"column":12}},"loc":{"start":{"line":185,"column":22},"end":{"line":195,"column":3}},"line":185},"16":{"name":"(anonymous_16)","decl":{"start":{"line":198,"column":12},"end":{"line":198,"column":13}},"loc":{"start":{"line":198,"column":23},"end":{"line":206,"column":3}},"line":198},"17":{"name":"(anonymous_17)","decl":{"start":{"line":209,"column":15},"end":{"line":209,"column":16}},"loc":{"start":{"line":209,"column":26},"end":{"line":232,"column":3}},"line":209},"18":{"name":"(anonymous_18)","decl":{"start":{"line":215,"column":15},"end":{"line":215,"column":16}},"loc":{"start":{"line":215,"column":29},"end":{"line":222,"column":7}},"line":215},"19":{"name":"(anonymous_19)","decl":{"start":{"line":224,"column":12},"end":{"line":224,"column":13}},"loc":{"start":{"line":224,"column":26},"end":{"line":230,"column":7}},"line":224},"20":{"name":"(anonymous_20)","decl":{"start":{"line":235,"column":15},"end":{"line":235,"column":16}},"loc":{"start":{"line":235,"column":26},"end":{"line":241,"column":3}},"line":235},"21":{"name":"(anonymous_21)","decl":{"start":{"line":243,"column":2},"end":{"line":243,"column":3}},"loc":{"start":{"line":243,"column":14},"end":{"line":297,"column":3}},"line":243},"22":{"name":"(anonymous_22)","decl":{"start":{"line":254,"column":14},"end":{"line":254,"column":15}},"loc":{"start":{"line":254,"column":20},"end":{"line":256,"column":9}},"line":254},"23":{"name":"(anonymous_23)","decl":{"start":{"line":257,"column":15},"end":{"line":257,"column":16}},"loc":{"start":{"line":257,"column":19},"end":{"line":259,"column":9}},"line":257},"24":{"name":"countDownStart","decl":{"start":{"line":266,"column":13},"end":{"line":266,"column":27}},"loc":{"start":{"line":266,"column":34},"end":{"line":296,"column":5}},"line":266},"25":{"name":"(anonymous_25)","decl":{"start":{"line":284,"column":32},"end":{"line":284,"column":33}},"loc":{"start":{"line":284,"column":38},"end":{"line":295,"column":7}},"line":284},"26":{"name":"(anonymous_26)","decl":{"start":{"line":299,"column":2},"end":{"line":299,"column":3}},"loc":{"start":{"line":299,"column":19},"end":{"line":328,"column":3}},"line":299},"27":{"name":"(anonymous_27)","decl":{"start":{"line":322,"column":15},"end":{"line":322,"column":16}},"loc":{"start":{"line":322,"column":27},"end":{"line":326,"column":7}},"line":322},"28":{"name":"(anonymous_28)","decl":{"start":{"line":330,"column":12},"end":{"line":330,"column":13}},"loc":{"start":{"line":330,"column":23},"end":{"line":372,"column":3}},"line":330},"29":{"name":"(anonymous_29)","decl":{"start":{"line":335,"column":15},"end":{"line":335,"column":16}},"loc":{"start":{"line":335,"column":29},"end":{"line":362,"column":7}},"line":335},"30":{"name":"(anonymous_30)","decl":{"start":{"line":348,"column":19},"end":{"line":348,"column":20}},"loc":{"start":{"line":348,"column":33},"end":{"line":352,"column":11}},"line":348},"31":{"name":"(anonymous_31)","decl":{"start":{"line":354,"column":16},"end":{"line":354,"column":17}},"loc":{"start":{"line":354,"column":30},"end":{"line":360,"column":11}},"line":354},"32":{"name":"(anonymous_32)","decl":{"start":{"line":364,"column":12},"end":{"line":364,"column":13}},"loc":{"start":{"line":364,"column":26},"end":{"line":370,"column":7}},"line":364},"33":{"name":"(anonymous_33)","decl":{"start":{"line":373,"column":2},"end":{"line":373,"column":3}},"loc":{"start":{"line":373,"column":30},"end":{"line":400,"column":3}},"line":373},"34":{"name":"(anonymous_34)","decl":{"start":{"line":401,"column":2},"end":{"line":401,"column":3}},"loc":{"start":{"line":401,"column":11},"end":{"line":403,"column":3}},"line":401},"35":{"name":"(anonymous_35)","decl":{"start":{"line":405,"column":12},"end":{"line":405,"column":13}},"loc":{"start":{"line":405,"column":23},"end":{"line":422,"column":3}},"line":405},"36":{"name":"(anonymous_36)","decl":{"start":{"line":424,"column":10},"end":{"line":424,"column":11}},"loc":{"start":{"line":424,"column":21},"end":{"line":496,"column":3}},"line":424},"37":{"name":"(anonymous_37)","decl":{"start":{"line":482,"column":15},"end":{"line":482,"column":16}},"loc":{"start":{"line":482,"column":27},"end":{"line":494,"column":7}},"line":482},"38":{"name":"(anonymous_38)","decl":{"start":{"line":499,"column":10},"end":{"line":499,"column":11}},"loc":{"start":{"line":499,"column":21},"end":{"line":501,"column":3}},"line":499},"39":{"name":"(anonymous_39)","decl":{"start":{"line":503,"column":2},"end":{"line":503,"column":3}},"loc":{"start":{"line":503,"column":13},"end":{"line":526,"column":3}},"line":503},"40":{"name":"(anonymous_40)","decl":{"start":{"line":534,"column":17},"end":{"line":534,"column":18}},"loc":{"start":{"line":534,"column":28},"end":{"line":538,"column":3}},"line":534},"41":{"name":"(anonymous_41)","decl":{"start":{"line":540,"column":2},"end":{"line":540,"column":3}},"loc":{"start":{"line":540,"column":18},"end":{"line":583,"column":3}},"line":540},"42":{"name":"(anonymous_42)","decl":{"start":{"line":549,"column":17},"end":{"line":549,"column":18}},"loc":{"start":{"line":549,"column":27},"end":{"line":572,"column":9}},"line":549},"43":{"name":"(anonymous_43)","decl":{"start":{"line":558,"column":28},"end":{"line":558,"column":29}},"loc":{"start":{"line":558,"column":42},"end":{"line":560,"column":17}},"line":558},"44":{"name":"(anonymous_44)","decl":{"start":{"line":562,"column":23},"end":{"line":562,"column":24}},"loc":{"start":{"line":562,"column":30},"end":{"line":564,"column":15}},"line":562},"45":{"name":"(anonymous_45)","decl":{"start":{"line":573,"column":14},"end":{"line":573,"column":15}},"loc":{"start":{"line":573,"column":18},"end":{"line":573,"column":20}},"line":573},"46":{"name":"(anonymous_46)","decl":{"start":{"line":574,"column":18},"end":{"line":574,"column":19}},"loc":{"start":{"line":574,"column":22},"end":{"line":574,"column":24}},"line":574},"47":{"name":"(anonymous_47)","decl":{"start":{"line":585,"column":2},"end":{"line":585,"column":3}},"loc":{"start":{"line":585,"column":15},"end":{"line":602,"column":3}},"line":585},"48":{"name":"(anonymous_48)","decl":{"start":{"line":589,"column":15},"end":{"line":589,"column":16}},"loc":{"start":{"line":589,"column":21},"end":{"line":594,"column":7}},"line":589},"49":{"name":"(anonymous_49)","decl":{"start":{"line":595,"column":12},"end":{"line":595,"column":13}},"loc":{"start":{"line":595,"column":18},"end":{"line":600,"column":7}},"line":595},"50":{"name":"(anonymous_50)","decl":{"start":{"line":604,"column":2},"end":{"line":604,"column":3}},"loc":{"start":{"line":604,"column":17},"end":{"line":608,"column":3}},"line":604},"51":{"name":"(anonymous_51)","decl":{"start":{"line":610,"column":2},"end":{"line":610,"column":3}},"loc":{"start":{"line":610,"column":32},"end":{"line":647,"column":3}},"line":610},"52":{"name":"(anonymous_52)","decl":{"start":{"line":617,"column":23},"end":{"line":617,"column":24}},"loc":{"start":{"line":617,"column":45},"end":{"line":646,"column":5}},"line":617},"53":{"name":"(anonymous_53)","decl":{"start":{"line":619,"column":47},"end":{"line":619,"column":48}},"loc":{"start":{"line":619,"column":55},"end":{"line":643,"column":9}},"line":619},"54":{"name":"(anonymous_54)","decl":{"start":{"line":631,"column":23},"end":{"line":631,"column":24}},"loc":{"start":{"line":631,"column":27},"end":{"line":641,"column":13}},"line":631},"55":{"name":"(anonymous_55)","decl":{"start":{"line":633,"column":58},"end":{"line":633,"column":59}},"loc":{"start":{"line":633,"column":66},"end":{"line":635,"column":17}},"line":633},"56":{"name":"(anonymous_56)","decl":{"start":{"line":637,"column":58},"end":{"line":637,"column":59}},"loc":{"start":{"line":637,"column":66},"end":{"line":639,"column":17}},"line":637},"57":{"name":"(anonymous_57)","decl":{"start":{"line":643,"column":17},"end":{"line":643,"column":18}},"loc":{"start":{"line":643,"column":22},"end":{"line":645,"column":9}},"line":643},"58":{"name":"(anonymous_58)","decl":{"start":{"line":650,"column":2},"end":{"line":650,"column":3}},"loc":{"start":{"line":650,"column":19},"end":{"line":659,"column":3}},"line":650},"59":{"name":"(anonymous_59)","decl":{"start":{"line":661,"column":2},"end":{"line":661,"column":3}},"loc":{"start":{"line":661,"column":12},"end":{"line":666,"column":3}},"line":661},"60":{"name":"(anonymous_60)","decl":{"start":{"line":671,"column":21},"end":{"line":671,"column":22}},"loc":{"start":{"line":671,"column":33},"end":{"line":684,"column":3}},"line":671}},"branchMap":{"0":{"loc":{"start":{"line":40,"column":11},"end":{"line":40,"column":36}},"type":"cond-expr","locations":[{"start":{"line":40,"column":24},"end":{"line":40,"column":29}},{"start":{"line":40,"column":30},"end":{"line":40,"column":36}}],"line":40},"1":{"loc":{"start":{"line":41,"column":11},"end":{"line":41,"column":36}},"type":"cond-expr","locations":[{"start":{"line":41,"column":24},"end":{"line":41,"column":29}},{"start":{"line":41,"column":30},"end":{"line":41,"column":36}}],"line":41},"2":{"loc":{"start":{"line":95,"column":4},"end":{"line":98,"column":5}},"type":"if","locations":[{"start":{"line":95,"column":4},"end":{"line":98,"column":5}},{"start":{},"end":{}}],"line":95},"3":{"loc":{"start":{"line":95,"column":7},"end":{"line":95,"column":24}},"type":"binary-expr","locations":[{"start":{"line":95,"column":7},"end":{"line":95,"column":11}},{"start":{"line":95,"column":15},"end":{"line":95,"column":24}}],"line":95},"4":{"loc":{"start":{"line":100,"column":4},"end":{"line":108,"column":5}},"type":"if","locations":[{"start":{"line":100,"column":4},"end":{"line":108,"column":5}},{"start":{},"end":{}}],"line":100},"5":{"loc":{"start":{"line":127,"column":4},"end":{"line":136,"column":5}},"type":"if","locations":[{"start":{"line":127,"column":4},"end":{"line":136,"column":5}},{"start":{"line":131,"column":9},"end":{"line":136,"column":5}}],"line":127},"6":{"loc":{"start":{"line":127,"column":7},"end":{"line":127,"column":24}},"type":"binary-expr","locations":[{"start":{"line":127,"column":7},"end":{"line":127,"column":11}},{"start":{"line":127,"column":15},"end":{"line":127,"column":24}}],"line":127},"7":{"loc":{"start":{"line":161,"column":10},"end":{"line":164,"column":11}},"type":"if","locations":[{"start":{"line":161,"column":10},"end":{"line":164,"column":11}},{"start":{},"end":{}}],"line":161},"8":{"loc":{"start":{"line":163,"column":25},"end":{"line":163,"column":55}},"type":"cond-expr","locations":[{"start":{"line":163,"column":34},"end":{"line":163,"column":47}},{"start":{"line":163,"column":50},"end":{"line":163,"column":55}}],"line":163},"9":{"loc":{"start":{"line":175,"column":6},"end":{"line":180,"column":7}},"type":"if","locations":[{"start":{"line":175,"column":6},"end":{"line":180,"column":7}},{"start":{"line":178,"column":11},"end":{"line":180,"column":7}}],"line":175},"10":{"loc":{"start":{"line":236,"column":4},"end":{"line":240,"column":5}},"type":"if","locations":[{"start":{"line":236,"column":4},"end":{"line":240,"column":5}},{"start":{"line":238,"column":11},"end":{"line":240,"column":5}}],"line":236},"11":{"loc":{"start":{"line":245,"column":4},"end":{"line":265,"column":5}},"type":"if","locations":[{"start":{"line":245,"column":4},"end":{"line":265,"column":5}},{"start":{"line":263,"column":9},"end":{"line":265,"column":5}}],"line":245},"12":{"loc":{"start":{"line":247,"column":6},"end":{"line":262,"column":7}},"type":"if","locations":[{"start":{"line":247,"column":6},"end":{"line":262,"column":7}},{"start":{"line":260,"column":11},"end":{"line":262,"column":7}}],"line":247},"13":{"loc":{"start":{"line":267,"column":6},"end":{"line":271,"column":7}},"type":"if","locations":[{"start":{"line":267,"column":6},"end":{"line":271,"column":7}},{"start":{},"end":{}}],"line":267},"14":{"loc":{"start":{"line":286,"column":8},"end":{"line":294,"column":9}},"type":"if","locations":[{"start":{"line":286,"column":8},"end":{"line":294,"column":9}},{"start":{"line":290,"column":15},"end":{"line":294,"column":9}}],"line":286},"15":{"loc":{"start":{"line":300,"column":4},"end":{"line":304,"column":5}},"type":"if","locations":[{"start":{"line":300,"column":4},"end":{"line":304,"column":5}},{"start":{},"end":{}}],"line":300},"16":{"loc":{"start":{"line":306,"column":4},"end":{"line":309,"column":5}},"type":"if","locations":[{"start":{"line":306,"column":4},"end":{"line":309,"column":5}},{"start":{},"end":{}}],"line":306},"17":{"loc":{"start":{"line":308,"column":6},"end":{"line":308,"column":24}},"type":"if","locations":[{"start":{"line":308,"column":6},"end":{"line":308,"column":24}},{"start":{},"end":{}}],"line":308},"18":{"loc":{"start":{"line":323,"column":8},"end":{"line":325,"column":9}},"type":"if","locations":[{"start":{"line":323,"column":8},"end":{"line":325,"column":9}},{"start":{},"end":{}}],"line":323},"19":{"loc":{"start":{"line":378,"column":23},"end":{"line":378,"column":45}},"type":"cond-expr","locations":[{"start":{"line":378,"column":36},"end":{"line":378,"column":37}},{"start":{"line":378,"column":40},"end":{"line":378,"column":45}}],"line":378},"20":{"loc":{"start":{"line":393,"column":4},"end":{"line":399,"column":5}},"type":"if","locations":[{"start":{"line":393,"column":4},"end":{"line":399,"column":5}},{"start":{},"end":{}}],"line":393},"21":{"loc":{"start":{"line":394,"column":6},"end":{"line":394,"column":39}},"type":"if","locations":[{"start":{"line":394,"column":6},"end":{"line":394,"column":39}},{"start":{},"end":{}}],"line":394},"22":{"loc":{"start":{"line":395,"column":6},"end":{"line":398,"column":7}},"type":"if","locations":[{"start":{"line":395,"column":6},"end":{"line":398,"column":7}},{"start":{},"end":{}}],"line":395},"23":{"loc":{"start":{"line":407,"column":4},"end":{"line":420,"column":5}},"type":"if","locations":[{"start":{"line":407,"column":4},"end":{"line":420,"column":5}},{"start":{"line":415,"column":11},"end":{"line":420,"column":5}}],"line":407},"24":{"loc":{"start":{"line":426,"column":4},"end":{"line":430,"column":5}},"type":"if","locations":[{"start":{"line":426,"column":4},"end":{"line":430,"column":5}},{"start":{},"end":{}}],"line":426},"25":{"loc":{"start":{"line":455,"column":13},"end":{"line":455,"column":57}},"type":"cond-expr","locations":[{"start":{"line":455,"column":27},"end":{"line":455,"column":53}},{"start":{"line":455,"column":56},"end":{"line":455,"column":57}}],"line":455},"26":{"loc":{"start":{"line":483,"column":8},"end":{"line":493,"column":9}},"type":"if","locations":[{"start":{"line":483,"column":8},"end":{"line":493,"column":9}},{"start":{"line":488,"column":14},"end":{"line":493,"column":9}}],"line":483},"27":{"loc":{"start":{"line":544,"column":4},"end":{"line":581,"column":5}},"type":"if","locations":[{"start":{"line":544,"column":4},"end":{"line":581,"column":5}},{"start":{"line":576,"column":9},"end":{"line":581,"column":5}}],"line":544},"28":{"loc":{"start":{"line":553,"column":10},"end":{"line":571,"column":11}},"type":"if","locations":[{"start":{"line":553,"column":10},"end":{"line":571,"column":11}},{"start":{"line":566,"column":15},"end":{"line":571,"column":11}}],"line":553},"29":{"loc":{"start":{"line":611,"column":4},"end":{"line":616,"column":5}},"type":"if","locations":[{"start":{"line":611,"column":4},"end":{"line":616,"column":5}},{"start":{},"end":{}}],"line":611},"30":{"loc":{"start":{"line":624,"column":12},"end":{"line":629,"column":13}},"type":"if","locations":[{"start":{"line":624,"column":12},"end":{"line":629,"column":13}},{"start":{},"end":{}}],"line":624},"31":{"loc":{"start":{"line":632,"column":14},"end":{"line":640,"column":15}},"type":"if","locations":[{"start":{"line":632,"column":14},"end":{"line":640,"column":15}},{"start":{"line":636,"column":20},"end":{"line":640,"column":15}}],"line":632},"32":{"loc":{"start":{"line":651,"column":4},"end":{"line":658,"column":5}},"type":"if","locations":[{"start":{"line":651,"column":4},"end":{"line":658,"column":5}},{"start":{"line":656,"column":9},"end":{"line":658,"column":5}}],"line":651},"33":{"loc":{"start":{"line":672,"column":4},"end":{"line":683,"column":5}},"type":"if","locations":[{"start":{"line":672,"column":4},"end":{"line":683,"column":5}},{"start":{"line":678,"column":9},"end":{"line":683,"column":5}}],"line":672}},"s":{"0":1,"1":1,"2":1,"3":1,"4":1,"5":1,"6":1,"7":1,"8":1,"9":1,"10":1,"11":1,"12":1,"13":8,"14":2,"15":2,"16":2,"17":2,"18":2,"19":2,"20":2,"21":2,"22":2,"23":1,"24":1,"25":1,"26":1,"27":1,"28":1,"29":1,"30":1,"31":0,"32":0,"33":0,"34":0,"35":0,"36":0,"37":0,"38":1,"39":1,"40":0,"41":0,"42":0,"43":0,"44":0,"45":0,"46":0,"47":0,"48":0,"49":0,"50":0,"51":0,"52":0,"53":0,"54":0,"55":0,"56":0,"57":0,"58":0,"59":0,"60":0,"61":0,"62":0,"63":0,"64":0,"65":0,"66":0,"67":0,"68":0,"69":0,"70":1,"71":1,"72":1,"73":0,"74":0,"75":0,"76":0,"77":0,"78":2,"79":0,"80":2,"81":0,"82":0,"83":0,"84":0,"85":0,"86":0,"87":0,"88":0,"89":0,"90":0,"91":0,"92":0,"93":0,"94":0,"95":0,"96":0,"97":0,"98":0,"99":0,"100":0,"101":0,"102":0,"103":1,"104":1,"105":1,"106":1,"107":0,"108":0,"109":0,"110":1,"111":0,"112":0,"113":1,"114":1,"115":1,"116":1,"117":1,"118":1,"119":1,"120":0,"121":0,"122":0,"123":0,"124":0,"125":0,"126":0,"127":1,"128":1,"129":1,"130":1,"131":1,"132":1,"133":1,"134":1,"135":1,"136":1,"137":1,"138":1,"139":1,"140":1,"141":1,"142":0,"143":0,"144":0,"145":1,"146":1,"147":1,"148":1,"149":1,"150":1,"151":0,"152":0,"153":1,"154":1,"155":1,"156":1,"157":1,"158":1,"159":1,"160":1,"161":1,"162":1,"163":1,"164":1,"165":1,"166":1,"167":1,"168":1,"169":1,"170":1,"171":1,"172":1,"173":1,"174":1,"175":1,"176":1,"177":1,"178":1,"179":0,"180":0,"181":0,"182":0,"183":0,"184":0,"185":0,"186":0,"187":0,"188":0,"189":0,"190":0,"191":0,"192":0,"193":0,"194":0,"195":0,"196":0,"197":0,"198":0,"199":0,"200":0,"201":0,"202":0,"203":0,"204":0,"205":0,"206":0,"207":0,"208":0,"209":0,"210":0,"211":0,"212":0,"213":0,"214":0,"215":0,"216":0,"217":0,"218":0,"219":0,"220":0,"221":0,"222":0,"223":0,"224":0,"225":0,"226":0,"227":0,"228":0,"229":0,"230":0,"231":0,"232":0,"233":0,"234":0,"235":0,"236":0,"237":0,"238":0},"f":{"0":8,"1":2,"2":1,"3":0,"4":1,"5":0,"6":0,"7":1,"8":0,"9":0,"10":0,"11":0,"12":0,"13":0,"14":0,"15":0,"16":1,"17":1,"18":0,"19":0,"20":2,"21":0,"22":0,"23":0,"24":0,"25":0,"26":1,"27":0,"28":1,"29":1,"30":0,"31":0,"32":0,"33":1,"34":0,"35":1,"36":1,"37":0,"38":0,"39":0,"40":0,"41":0,"42":0,"43":0,"44":0,"45":0,"46":0,"47":0,"48":0,"49":0,"50":0,"51":0,"52":0,"53":0,"54":0,"55":0,"56":0,"57":0,"58":0,"59":0,"60":0},"b":{"0":[1,0],"1":[0,1],"2":[0,0],"3":[0,0],"4":[0,0],"5":[0,0],"6":[0,0],"7":[0,0],"8":[0,0],"9":[0,0],"10":[0,2],"11":[0,0],"12":[0,0],"13":[0,0],"14":[0,0],"15":[1,0],"16":[0,1],"17":[0,0],"18":[0,0],"19":[0,1],"20":[1,0],"21":[1,0],"22":[0,1],"23":[1,0],"24":[1,0],"25":[0,1],"26":[0,0],"27":[0,0],"28":[0,0],"29":[0,0],"30":[0,0],"31":[0,0],"32":[0,0],"33":[0,0]},"_coverageSchema":"1a1c01bbd47fc00a2c39e90264f33305004495a9","hash":"a249f19d387a03277ae55ea543f9188a98250c61"}
,"C:\\Users\\rebtt\\Desktop\\app\\PopRun\\utils\\share.js": {"path":"C:\\Users\\rebtt\\Desktop\\app\\PopRun\\utils\\share.js","statementMap":{"0":{"start":{"line":2,"column":15},"end":{"line":2,"column":32}},"1":{"start":{"line":4,"column":26},"end":{"line":4,"column":35}},"2":{"start":{"line":5,"column":24},"end":{"line":5,"column":32}},"3":{"start":{"line":6,"column":30},"end":{"line":6,"column":31}},"4":{"start":{"line":12,"column":18},"end":{"line":23,"column":1}},"5":{"start":{"line":13,"column":4},"end":{"line":22,"column":6}},"6":{"start":{"line":14,"column":22},"end":{"line":14,"column":46}},"7":{"start":{"line":15,"column":8},"end":{"line":21,"column":18}},"8":{"start":{"line":16,"column":12},"end":{"line":20,"column":13}},"9":{"start":{"line":17,"column":16},"end":{"line":17,"column":34}},"10":{"start":{"line":19,"column":16},"end":{"line":19,"column":29}},"11":{"start":{"line":29,"column":22},"end":{"line":40,"column":1}},"12":{"start":{"line":30,"column":4},"end":{"line":39,"column":6}},"13":{"start":{"line":31,"column":22},"end":{"line":31,"column":48}},"14":{"start":{"line":32,"column":8},"end":{"line":38,"column":18}},"15":{"start":{"line":33,"column":12},"end":{"line":37,"column":13}},"16":{"start":{"line":34,"column":16},"end":{"line":34,"column":34}},"17":{"start":{"line":36,"column":16},"end":{"line":36,"column":29}},"18":{"start":{"line":50,"column":21},"end":{"line":68,"column":1}},"19":{"start":{"line":51,"column":4},"end":{"line":51,"column":26}},"20":{"start":{"line":51,"column":13},"end":{"line":51,"column":26}},"21":{"start":{"line":52,"column":4},"end":{"line":54,"column":5}},"22":{"start":{"line":53,"column":8},"end":{"line":53,"column":21}},"23":{"start":{"line":55,"column":4},"end":{"line":66,"column":5}},"24":{"start":{"line":56,"column":20},"end":{"line":56,"column":23}},"25":{"start":{"line":57,"column":21},"end":{"line":57,"column":24}},"26":{"start":{"line":58,"column":8},"end":{"line":58,"column":68}},"27":{"start":{"line":60,"column":20},"end":{"line":60,"column":23}},"28":{"start":{"line":61,"column":21},"end":{"line":61,"column":24}},"29":{"start":{"line":62,"column":18},"end":{"line":62,"column":38}},"30":{"start":{"line":63,"column":8},"end":{"line":63,"column":27}},"31":{"start":{"line":64,"column":8},"end":{"line":64,"column":26}},"32":{"start":{"line":65,"column":8},"end":{"line":65,"column":75}},"33":{"start":{"line":76,"column":16},"end":{"line":104,"column":1}},"34":{"start":{"line":77,"column":16},"end":{"line":77,"column":19}},"35":{"start":{"line":78,"column":17},"end":{"line":78,"column":20}},"36":{"start":{"line":79,"column":4},"end":{"line":82,"column":5}},"37":{"start":{"line":80,"column":8},"end":{"line":80,"column":20}},"38":{"start":{"line":81,"column":8},"end":{"line":81,"column":21}},"39":{"start":{"line":83,"column":4},"end":{"line":103,"column":6}},"40":{"start":{"line":84,"column":8},"end":{"line":102,"column":12}},"41":{"start":{"line":85,"column":12},"end":{"line":101,"column":14}},"42":{"start":{"line":94,"column":20},"end":{"line":94,"column":44}},"43":{"start":{"line":95,"column":20},"end":{"line":95,"column":47}},"44":{"start":{"line":98,"column":20},"end":{"line":98,"column":46}},"45":{"start":{"line":99,"column":20},"end":{"line":99,"column":34}},"46":{"start":{"line":111,"column":13},"end":{"line":147,"column":1}},"47":{"start":{"line":112,"column":16},"end":{"line":112,"column":19}},"48":{"start":{"line":113,"column":17},"end":{"line":113,"column":20}},"49":{"start":{"line":114,"column":4},"end":{"line":117,"column":5}},"50":{"start":{"line":115,"column":8},"end":{"line":115,"column":20}},"51":{"start":{"line":116,"column":8},"end":{"line":116,"column":21}},"52":{"start":{"line":118,"column":4},"end":{"line":146,"column":6}},"53":{"start":{"line":119,"column":8},"end":{"line":145,"column":12}},"54":{"start":{"line":120,"column":12},"end":{"line":144,"column":14}},"55":{"start":{"line":129,"column":20},"end":{"line":129,"column":44}},"56":{"start":{"line":130,"column":20},"end":{"line":138,"column":22}},"57":{"start":{"line":133,"column":24},"end":{"line":133,"column":38}},"58":{"start":{"line":136,"column":24},"end":{"line":136,"column":38}},"59":{"start":{"line":141,"column":20},"end":{"line":141,"column":46}},"60":{"start":{"line":142,"column":20},"end":{"line":142,"column":34}},"61":{"start":{"line":154,"column":20},"end":{"line":184,"column":1}},"62":{"start":{"line":155,"column":16},"end":{"line":155,"column":19}},"63":{"start":{"line":156,"column":17},"end":{"line":156,"column":20}},"64":{"start":{"line":157,"column":4},"end":{"line":160,"column":5}},"65":{"start":{"line":158,"column":8},"end":{"line":158,"column":20}},"66":{"start":{"line":159,"column":8},"end":{"line":159,"column":21}},"67":{"start":{"line":161,"column":4},"end":{"line":183,"column":6}},"68":{"start":{"line":162,"column":8},"end":{"line":182,"column":10}},"69":{"start":{"line":163,"column":12},"end":{"line":179,"column":14}},"70":{"start":{"line":172,"column":20},"end":{"line":172,"column":44}},"71":{"start":{"line":173,"column":20},"end":{"line":173,"column":47}},"72":{"start":{"line":176,"column":20},"end":{"line":176,"column":46}},"73":{"start":{"line":177,"column":20},"end":{"line":177,"column":34}},"74":{"start":{"line":181,"column":12},"end":{"line":181,"column":26}},"75":{"start":{"line":191,"column":17},"end":{"line":227,"column":1}},"76":{"start":{"line":192,"column":16},"end":{"line":192,"column":19}},"77":{"start":{"line":193,"column":17},"end":{"line":193,"column":20}},"78":{"start":{"line":194,"column":4},"end":{"line":197,"column":5}},"79":{"start":{"line":195,"column":8},"end":{"line":195,"column":20}},"80":{"start":{"line":196,"column":8},"end":{"line":196,"column":21}},"81":{"start":{"line":198,"column":4},"end":{"line":226,"column":6}},"82":{"start":{"line":199,"column":8},"end":{"line":225,"column":12}},"83":{"start":{"line":200,"column":12},"end":{"line":224,"column":14}},"84":{"start":{"line":209,"column":20},"end":{"line":209,"column":44}},"85":{"start":{"line":210,"column":20},"end":{"line":218,"column":22}},"86":{"start":{"line":213,"column":28},"end":{"line":213,"column":42}},"87":{"start":{"line":216,"column":28},"end":{"line":216,"column":42}},"88":{"start":{"line":221,"column":20},"end":{"line":221,"column":46}},"89":{"start":{"line":222,"column":20},"end":{"line":222,"column":34}},"90":{"start":{"line":237,"column":21},"end":{"line":243,"column":1}},"91":{"start":{"line":239,"column":4},"end":{"line":239,"column":25}},"92":{"start":{"line":240,"column":4},"end":{"line":240,"column":27}},"93":{"start":{"line":241,"column":16},"end":{"line":241,"column":39}},"94":{"start":{"line":242,"column":4},"end":{"line":242,"column":44}},"95":{"start":{"line":248,"column":22},"end":{"line":291,"column":1}},"96":{"start":{"line":249,"column":20},"end":{"line":249,"column":30}},"97":{"start":{"line":251,"column":4},"end":{"line":251,"column":25}},"98":{"start":{"line":252,"column":4},"end":{"line":252,"column":27}},"99":{"start":{"line":253,"column":16},"end":{"line":253,"column":39}},"100":{"start":{"line":256,"column":4},"end":{"line":290,"column":6}},"101":{"start":{"line":260,"column":8},"end":{"line":260,"column":31}},"102":{"start":{"line":261,"column":8},"end":{"line":261,"column":47}},"103":{"start":{"line":274,"column":8},"end":{"line":274,"column":31}},"104":{"start":{"line":275,"column":8},"end":{"line":275,"column":31}},"105":{"start":{"line":276,"column":8},"end":{"line":276,"column":31}},"106":{"start":{"line":277,"column":8},"end":{"line":277,"column":50}},"107":{"start":{"line":278,"column":8},"end":{"line":278,"column":31}},"108":{"start":{"line":279,"column":8},"end":{"line":279,"column":48}},"109":{"start":{"line":282,"column":28},"end":{"line":282,"column":31}},"110":{"start":{"line":283,"column":28},"end":{"line":283,"column":31}},"111":{"start":{"line":284,"column":25},"end":{"line":284,"column":46}},"112":{"start":{"line":285,"column":25},"end":{"line":285,"column":47}},"113":{"start":{"line":287,"column":12},"end":{"line":287,"column":81}},"114":{"start":{"line":288,"column":12},"end":{"line":288,"column":26}},"115":{"start":{"line":296,"column":23},"end":{"line":331,"column":1}},"116":{"start":{"line":297,"column":4},"end":{"line":329,"column":6}},"117":{"start":{"line":299,"column":8},"end":{"line":328,"column":9}},"118":{"start":{"line":301,"column":12},"end":{"line":307,"column":13}},"119":{"start":{"line":302,"column":16},"end":{"line":302,"column":80}},"120":{"start":{"line":303,"column":16},"end":{"line":303,"column":30}},"121":{"start":{"line":305,"column":16},"end":{"line":305,"column":56}},"122":{"start":{"line":306,"column":16},"end":{"line":306,"column":27}},"123":{"start":{"line":308,"column":14},"end":{"line":328,"column":9}},"124":{"start":{"line":310,"column":24},"end":{"line":310,"column":71}},"125":{"start":{"line":311,"column":12},"end":{"line":311,"column":48}},"126":{"start":{"line":312,"column":12},"end":{"line":312,"column":46}},"127":{"start":{"line":313,"column":12},"end":{"line":313,"column":32}},"128":{"start":{"line":314,"column":12},"end":{"line":314,"column":46}},"129":{"start":{"line":316,"column":12},"end":{"line":316,"column":52}},"130":{"start":{"line":317,"column":12},"end":{"line":317,"column":23}},"131":{"start":{"line":320,"column":24},"end":{"line":320,"column":73}},"132":{"start":{"line":321,"column":12},"end":{"line":321,"column":51}},"133":{"start":{"line":322,"column":12},"end":{"line":322,"column":49}},"134":{"start":{"line":323,"column":12},"end":{"line":323,"column":32}},"135":{"start":{"line":324,"column":12},"end":{"line":324,"column":46}},"136":{"start":{"line":326,"column":12},"end":{"line":326,"column":52}},"137":{"start":{"line":327,"column":12},"end":{"line":327,"column":23}},"138":{"start":{"line":336,"column":17},"end":{"line":408,"column":1}},"139":{"start":{"line":338,"column":4},"end":{"line":338,"column":28}},"140":{"start":{"line":339,"column":4},"end":{"line":339,"column":28}},"141":{"start":{"line":340,"column":4},"end":{"line":340,"column":29}},"142":{"start":{"line":341,"column":4},"end":{"line":341,"column":52}},"143":{"start":{"line":344,"column":4},"end":{"line":344,"column":28}},"144":{"start":{"line":345,"column":4},"end":{"line":345,"column":32}},"145":{"start":{"line":346,"column":4},"end":{"line":346,"column":42}},"146":{"start":{"line":347,"column":4},"end":{"line":347,"column":42}},"147":{"start":{"line":348,"column":4},"end":{"line":348,"column":48}},"148":{"start":{"line":350,"column":4},"end":{"line":350,"column":28}},"149":{"start":{"line":351,"column":4},"end":{"line":351,"column":30}},"150":{"start":{"line":352,"column":4},"end":{"line":352,"column":48}},"151":{"start":{"line":353,"column":4},"end":{"line":353,"column":49}},"152":{"start":{"line":354,"column":4},"end":{"line":354,"column":51}},"153":{"start":{"line":357,"column":4},"end":{"line":357,"column":20}},"154":{"start":{"line":358,"column":4},"end":{"line":358,"column":32}},"155":{"start":{"line":359,"column":4},"end":{"line":359,"column":38}},"156":{"start":{"line":360,"column":4},"end":{"line":360,"column":30}},"157":{"start":{"line":361,"column":4},"end":{"line":361,"column":20}},"158":{"start":{"line":362,"column":4},"end":{"line":362,"column":17}},"159":{"start":{"line":365,"column":4},"end":{"line":365,"column":27}},"160":{"start":{"line":366,"column":4},"end":{"line":366,"column":32}},"161":{"start":{"line":367,"column":4},"end":{"line":367,"column":50}},"162":{"start":{"line":369,"column":4},"end":{"line":369,"column":27}},"163":{"start":{"line":370,"column":4},"end":{"line":370,"column":27}},"164":{"start":{"line":371,"column":4},"end":{"line":371,"column":50}},"165":{"start":{"line":374,"column":4},"end":{"line":374,"column":27}},"166":{"start":{"line":375,"column":4},"end":{"line":375,"column":32}},"167":{"start":{"line":376,"column":4},"end":{"line":376,"column":56}},"168":{"start":{"line":377,"column":4},"end":{"line":377,"column":58}},"169":{"start":{"line":380,"column":4},"end":{"line":380,"column":20}},"170":{"start":{"line":381,"column":4},"end":{"line":381,"column":47}},"171":{"start":{"line":382,"column":4},"end":{"line":382,"column":46}},"172":{"start":{"line":383,"column":4},"end":{"line":383,"column":30}},"173":{"start":{"line":384,"column":4},"end":{"line":384,"column":22}},"174":{"start":{"line":385,"column":4},"end":{"line":385,"column":20}},"175":{"start":{"line":386,"column":4},"end":{"line":386,"column":17}},"176":{"start":{"line":388,"column":4},"end":{"line":407,"column":5}},"177":{"start":{"line":390,"column":29},"end":{"line":390,"column":31}},"178":{"start":{"line":391,"column":29},"end":{"line":391,"column":31}},"179":{"start":{"line":392,"column":26},"end":{"line":392,"column":28}},"180":{"start":{"line":393,"column":26},"end":{"line":393,"column":28}},"181":{"start":{"line":395,"column":8},"end":{"line":395,"column":30}},"182":{"start":{"line":396,"column":8},"end":{"line":396,"column":31}},"183":{"start":{"line":397,"column":8},"end":{"line":397,"column":33}},"184":{"start":{"line":398,"column":8},"end":{"line":398,"column":84}},"185":{"start":{"line":399,"column":8},"end":{"line":406,"column":9}},"186":{"start":{"line":400,"column":12},"end":{"line":400,"column":28}},"187":{"start":{"line":401,"column":12},"end":{"line":401,"column":105}},"188":{"start":{"line":402,"column":12},"end":{"line":402,"column":28}},"189":{"start":{"line":403,"column":12},"end":{"line":403,"column":23}},"190":{"start":{"line":404,"column":12},"end":{"line":404,"column":85}},"191":{"start":{"line":405,"column":12},"end":{"line":405,"column":26}},"192":{"start":{"line":413,"column":15},"end":{"line":443,"column":1}},"193":{"start":{"line":414,"column":4},"end":{"line":442,"column":5}},"194":{"start":{"line":416,"column":12},"end":{"line":416,"column":64}},"195":{"start":{"line":417,"column":12},"end":{"line":417,"column":18}},"196":{"start":{"line":419,"column":12},"end":{"line":419,"column":73}},"197":{"start":{"line":420,"column":12},"end":{"line":420,"column":18}},"198":{"start":{"line":422,"column":12},"end":{"line":422,"column":65}},"199":{"start":{"line":423,"column":12},"end":{"line":423,"column":18}},"200":{"start":{"line":425,"column":12},"end":{"line":425,"column":74}},"201":{"start":{"line":426,"column":12},"end":{"line":426,"column":18}},"202":{"start":{"line":428,"column":12},"end":{"line":428,"column":65}},"203":{"start":{"line":429,"column":12},"end":{"line":429,"column":18}},"204":{"start":{"line":431,"column":12},"end":{"line":431,"column":73}},"205":{"start":{"line":432,"column":12},"end":{"line":432,"column":18}},"206":{"start":{"line":434,"column":12},"end":{"line":434,"column":65}},"207":{"start":{"line":435,"column":12},"end":{"line":435,"column":18}},"208":{"start":{"line":437,"column":12},"end":{"line":437,"column":74}},"209":{"start":{"line":438,"column":12},"end":{"line":438,"column":18}},"210":{"start":{"line":440,"column":12},"end":{"line":440,"column":65}},"211":{"start":{"line":441,"column":12},"end":{"line":441,"column":18}},"212":{"start":{"line":449,"column":19},"end":{"line":457,"column":1}},"213":{"start":{"line":450,"column":4},"end":{"line":450,"column":41}},"214":{"start":{"line":451,"column":4},"end":{"line":451,"column":38}},"215":{"start":{"line":452,"column":4},"end":{"line":452,"column":56}},"216":{"start":{"line":453,"column":4},"end":{"line":453,"column":95}},"217":{"start":{"line":454,"column":4},"end":{"line":454,"column":85}},"218":{"start":{"line":455,"column":4},"end":{"line":455,"column":80}},"219":{"start":{"line":456,"column":4},"end":{"line":456,"column":15}},"220":{"start":{"line":461,"column":0},"end":{"line":469,"column":1}}},"fnMap":{"0":{"name":"(anonymous_0)","decl":{"start":{"line":12,"column":18},"end":{"line":12,"column":19}},"loc":{"start":{"line":12,"column":28},"end":{"line":23,"column":1}},"line":12},"1":{"name":"(anonymous_1)","decl":{"start":{"line":13,"column":23},"end":{"line":13,"column":24}},"loc":{"start":{"line":13,"column":45},"end":{"line":22,"column":5}},"line":13},"2":{"name":"(anonymous_2)","decl":{"start":{"line":15,"column":34},"end":{"line":15,"column":35}},"loc":{"start":{"line":15,"column":47},"end":{"line":21,"column":9}},"line":15},"3":{"name":"(anonymous_3)","decl":{"start":{"line":29,"column":22},"end":{"line":29,"column":23}},"loc":{"start":{"line":29,"column":40},"end":{"line":40,"column":1}},"line":29},"4":{"name":"(anonymous_4)","decl":{"start":{"line":30,"column":23},"end":{"line":30,"column":24}},"loc":{"start":{"line":30,"column":45},"end":{"line":39,"column":5}},"line":30},"5":{"name":"(anonymous_5)","decl":{"start":{"line":32,"column":34},"end":{"line":32,"column":35}},"loc":{"start":{"line":32,"column":41},"end":{"line":38,"column":9}},"line":32},"6":{"name":"(anonymous_6)","decl":{"start":{"line":50,"column":21},"end":{"line":50,"column":22}},"loc":{"start":{"line":50,"column":50},"end":{"line":68,"column":1}},"line":50},"7":{"name":"(anonymous_7)","decl":{"start":{"line":76,"column":16},"end":{"line":76,"column":17}},"loc":{"start":{"line":76,"column":34},"end":{"line":104,"column":1}},"line":76},"8":{"name":"(anonymous_8)","decl":{"start":{"line":83,"column":23},"end":{"line":83,"column":24}},"loc":{"start":{"line":83,"column":45},"end":{"line":103,"column":5}},"line":83},"9":{"name":"(anonymous_9)","decl":{"start":{"line":84,"column":31},"end":{"line":84,"column":32}},"loc":{"start":{"line":84,"column":41},"end":{"line":102,"column":11}},"line":84},"10":{"name":"(anonymous_10)","decl":{"start":{"line":93,"column":25},"end":{"line":93,"column":26}},"loc":{"start":{"line":93,"column":40},"end":{"line":96,"column":17}},"line":93},"11":{"name":"(anonymous_11)","decl":{"start":{"line":97,"column":22},"end":{"line":97,"column":23}},"loc":{"start":{"line":97,"column":29},"end":{"line":100,"column":17}},"line":97},"12":{"name":"(anonymous_12)","decl":{"start":{"line":111,"column":13},"end":{"line":111,"column":14}},"loc":{"start":{"line":111,"column":31},"end":{"line":147,"column":1}},"line":111},"13":{"name":"(anonymous_13)","decl":{"start":{"line":118,"column":23},"end":{"line":118,"column":24}},"loc":{"start":{"line":118,"column":45},"end":{"line":146,"column":5}},"line":118},"14":{"name":"(anonymous_14)","decl":{"start":{"line":119,"column":31},"end":{"line":119,"column":32}},"loc":{"start":{"line":119,"column":41},"end":{"line":145,"column":11}},"line":119},"15":{"name":"(anonymous_15)","decl":{"start":{"line":128,"column":25},"end":{"line":128,"column":26}},"loc":{"start":{"line":128,"column":40},"end":{"line":139,"column":17}},"line":128},"16":{"name":"(anonymous_16)","decl":{"start":{"line":132,"column":29},"end":{"line":132,"column":30}},"loc":{"start":{"line":132,"column":38},"end":{"line":134,"column":21}},"line":132},"17":{"name":"(anonymous_17)","decl":{"start":{"line":135,"column":26},"end":{"line":135,"column":27}},"loc":{"start":{"line":135,"column":35},"end":{"line":137,"column":21}},"line":135},"18":{"name":"(anonymous_18)","decl":{"start":{"line":140,"column":22},"end":{"line":140,"column":23}},"loc":{"start":{"line":140,"column":29},"end":{"line":143,"column":17}},"line":140},"19":{"name":"(anonymous_19)","decl":{"start":{"line":154,"column":20},"end":{"line":154,"column":21}},"loc":{"start":{"line":154,"column":44},"end":{"line":184,"column":1}},"line":154},"20":{"name":"(anonymous_20)","decl":{"start":{"line":161,"column":23},"end":{"line":161,"column":24}},"loc":{"start":{"line":161,"column":45},"end":{"line":183,"column":5}},"line":161},"21":{"name":"(anonymous_21)","decl":{"start":{"line":162,"column":41},"end":{"line":162,"column":42}},"loc":{"start":{"line":162,"column":51},"end":{"line":180,"column":9}},"line":162},"22":{"name":"(anonymous_22)","decl":{"start":{"line":171,"column":25},"end":{"line":171,"column":26}},"loc":{"start":{"line":171,"column":40},"end":{"line":174,"column":17}},"line":171},"23":{"name":"(anonymous_23)","decl":{"start":{"line":175,"column":22},"end":{"line":175,"column":23}},"loc":{"start":{"line":175,"column":29},"end":{"line":178,"column":17}},"line":175},"24":{"name":"(anonymous_24)","decl":{"start":{"line":180,"column":17},"end":{"line":180,"column":18}},"loc":{"start":{"line":180,"column":22},"end":{"line":182,"column":9}},"line":180},"25":{"name":"(anonymous_25)","decl":{"start":{"line":191,"column":17},"end":{"line":191,"column":18}},"loc":{"start":{"line":191,"column":41},"end":{"line":227,"column":1}},"line":191},"26":{"name":"(anonymous_26)","decl":{"start":{"line":198,"column":23},"end":{"line":198,"column":24}},"loc":{"start":{"line":198,"column":45},"end":{"line":226,"column":5}},"line":198},"27":{"name":"(anonymous_27)","decl":{"start":{"line":199,"column":41},"end":{"line":199,"column":42}},"loc":{"start":{"line":199,"column":51},"end":{"line":225,"column":11}},"line":199},"28":{"name":"(anonymous_28)","decl":{"start":{"line":208,"column":25},"end":{"line":208,"column":26}},"loc":{"start":{"line":208,"column":40},"end":{"line":219,"column":17}},"line":208},"29":{"name":"(anonymous_29)","decl":{"start":{"line":212,"column":33},"end":{"line":212,"column":34}},"loc":{"start":{"line":212,"column":42},"end":{"line":214,"column":25}},"line":212},"30":{"name":"(anonymous_30)","decl":{"start":{"line":215,"column":30},"end":{"line":215,"column":31}},"loc":{"start":{"line":215,"column":39},"end":{"line":217,"column":25}},"line":215},"31":{"name":"(anonymous_31)","decl":{"start":{"line":220,"column":22},"end":{"line":220,"column":23}},"loc":{"start":{"line":220,"column":29},"end":{"line":223,"column":17}},"line":220},"32":{"name":"(anonymous_32)","decl":{"start":{"line":237,"column":21},"end":{"line":237,"column":22}},"loc":{"start":{"line":237,"column":53},"end":{"line":243,"column":1}},"line":237},"33":{"name":"(anonymous_33)","decl":{"start":{"line":248,"column":22},"end":{"line":248,"column":23}},"loc":{"start":{"line":248,"column":60},"end":{"line":291,"column":1}},"line":248},"34":{"name":"(anonymous_34)","decl":{"start":{"line":256,"column":58},"end":{"line":256,"column":59}},"loc":{"start":{"line":256,"column":63},"end":{"line":290,"column":5}},"line":256},"35":{"name":"(anonymous_35)","decl":{"start":{"line":296,"column":23},"end":{"line":296,"column":24}},"loc":{"start":{"line":296,"column":58},"end":{"line":331,"column":1}},"line":296},"36":{"name":"(anonymous_36)","decl":{"start":{"line":297,"column":23},"end":{"line":297,"column":24}},"loc":{"start":{"line":297,"column":45},"end":{"line":329,"column":5}},"line":297},"37":{"name":"(anonymous_37)","decl":{"start":{"line":301,"column":28},"end":{"line":301,"column":29}},"loc":{"start":{"line":301,"column":32},"end":{"line":307,"column":13}},"line":301},"38":{"name":"(anonymous_38)","decl":{"start":{"line":336,"column":17},"end":{"line":336,"column":18}},"loc":{"start":{"line":336,"column":51},"end":{"line":408,"column":1}},"line":336},"39":{"name":"(anonymous_39)","decl":{"start":{"line":399,"column":29},"end":{"line":399,"column":30}},"loc":{"start":{"line":399,"column":33},"end":{"line":406,"column":9}},"line":399},"40":{"name":"(anonymous_40)","decl":{"start":{"line":413,"column":15},"end":{"line":413,"column":16}},"loc":{"start":{"line":413,"column":50},"end":{"line":443,"column":1}},"line":413},"41":{"name":"(anonymous_41)","decl":{"start":{"line":449,"column":19},"end":{"line":449,"column":20}},"loc":{"start":{"line":449,"column":26},"end":{"line":457,"column":1}},"line":449}},"branchMap":{"0":{"loc":{"start":{"line":16,"column":12},"end":{"line":20,"column":13}},"type":"if","locations":[{"start":{"line":16,"column":12},"end":{"line":20,"column":13}},{"start":{"line":18,"column":17},"end":{"line":20,"column":13}}],"line":16},"1":{"loc":{"start":{"line":33,"column":12},"end":{"line":37,"column":13}},"type":"if","locations":[{"start":{"line":33,"column":12},"end":{"line":37,"column":13}},{"start":{"line":35,"column":17},"end":{"line":37,"column":13}}],"line":33},"2":{"loc":{"start":{"line":51,"column":4},"end":{"line":51,"column":26}},"type":"if","locations":[{"start":{"line":51,"column":4},"end":{"line":51,"column":26}},{"start":{},"end":{}}],"line":51},"3":{"loc":{"start":{"line":52,"column":4},"end":{"line":54,"column":5}},"type":"if","locations":[{"start":{"line":52,"column":4},"end":{"line":54,"column":5}},{"start":{},"end":{}}],"line":52},"4":{"loc":{"start":{"line":52,"column":7},"end":{"line":52,"column":38}},"type":"binary-expr","locations":[{"start":{"line":52,"column":7},"end":{"line":52,"column":11}},{"start":{"line":52,"column":16},"end":{"line":52,"column":21}},{"start":{"line":52,"column":25},"end":{"line":52,"column":37}}],"line":52},"5":{"loc":{"start":{"line":55,"column":4},"end":{"line":66,"column":5}},"type":"if","locations":[{"start":{"line":55,"column":4},"end":{"line":66,"column":5}},{"start":{"line":59,"column":9},"end":{"line":66,"column":5}}],"line":55},"6":{"loc":{"start":{"line":79,"column":4},"end":{"line":82,"column":5}},"type":"if","locations":[{"start":{"line":79,"column":4},"end":{"line":82,"column":5}},{"start":{},"end":{}}],"line":79},"7":{"loc":{"start":{"line":114,"column":4},"end":{"line":117,"column":5}},"type":"if","locations":[{"start":{"line":114,"column":4},"end":{"line":117,"column":5}},{"start":{},"end":{}}],"line":114},"8":{"loc":{"start":{"line":157,"column":4},"end":{"line":160,"column":5}},"type":"if","locations":[{"start":{"line":157,"column":4},"end":{"line":160,"column":5}},{"start":{},"end":{}}],"line":157},"9":{"loc":{"start":{"line":194,"column":4},"end":{"line":197,"column":5}},"type":"if","locations":[{"start":{"line":194,"column":4},"end":{"line":197,"column":5}},{"start":{},"end":{}}],"line":194},"10":{"loc":{"start":{"line":299,"column":8},"end":{"line":328,"column":9}},"type":"if","locations":[{"start":{"line":299,"column":8},"end":{"line":328,"column":9}},{"start":{"line":308,"column":14},"end":{"line":328,"column":9}}],"line":299},"11":{"loc":{"start":{"line":308,"column":14},"end":{"line":328,"column":9}},"type":"if","locations":[{"start":{"line":308,"column":14},"end":{"line":328,"column":9}},{"start":{"line":318,"column":13},"end":{"line":328,"column":9}}],"line":308},"12":{"loc":{"start":{"line":388,"column":4},"end":{"line":407,"column":5}},"type":"if","locations":[{"start":{"line":388,"column":4},"end":{"line":407,"column":5}},{"start":{},"end":{}}],"line":388},"13":{"loc":{"start":{"line":414,"column":4},"end":{"line":442,"column":5}},"type":"switch","locations":[{"start":{"line":415,"column":8},"end":{"line":417,"column":18}},{"start":{"line":418,"column":8},"end":{"line":420,"column":18}},{"start":{"line":421,"column":8},"end":{"line":423,"column":18}},{"start":{"line":424,"column":8},"end":{"line":426,"column":18}},{"start":{"line":427,"column":8},"end":{"line":429,"column":18}},{"start":{"line":430,"column":8},"end":{"line":432,"column":18}},{"start":{"line":433,"column":8},"end":{"line":435,"column":18}},{"start":{"line":436,"column":8},"end":{"line":438,"column":18}},{"start":{"line":439,"column":8},"end":{"line":441,"column":18}}],"line":414},"14":{"loc":{"start":{"line":450,"column":19},"end":{"line":450,"column":40}},"type":"binary-expr","locations":[{"start":{"line":450,"column":19},"end":{"line":450,"column":31}},{"start":{"line":450,"column":35},"end":{"line":450,"column":40}}],"line":450},"15":{"loc":{"start":{"line":451,"column":18},"end":{"line":451,"column":37}},"type":"binary-expr","locations":[{"start":{"line":451,"column":18},"end":{"line":451,"column":29}},{"start":{"line":451,"column":33},"end":{"line":451,"column":37}}],"line":451},"16":{"loc":{"start":{"line":453,"column":17},"end":{"line":453,"column":94}},"type":"cond-expr","locations":[{"start":{"line":453,"column":53},"end":{"line":453,"column":82}},{"start":{"line":453,"column":85},"end":{"line":453,"column":94}}],"line":453}},"s":{"0":1,"1":1,"2":1,"3":1,"4":1,"5":0,"6":0,"7":0,"8":0,"9":0,"10":0,"11":1,"12":0,"13":0,"14":0,"15":0,"16":0,"17":0,"18":1,"19":0,"20":0,"21":0,"22":0,"23":0,"24":0,"25":0,"26":0,"27":0,"28":0,"29":0,"30":0,"31":0,"32":0,"33":1,"34":0,"35":0,"36":0,"37":0,"38":0,"39":0,"40":0,"41":0,"42":0,"43":0,"44":0,"45":0,"46":1,"47":0,"48":0,"49":0,"50":0,"51":0,"52":0,"53":0,"54":0,"55":0,"56":0,"57":0,"58":0,"59":0,"60":0,"61":1,"62":0,"63":0,"64":0,"65":0,"66":0,"67":0,"68":0,"69":0,"70":0,"71":0,"72":0,"73":0,"74":0,"75":1,"76":0,"77":0,"78":0,"79":0,"80":0,"81":0,"82":0,"83":0,"84":0,"85":0,"86":0,"87":0,"88":0,"89":0,"90":1,"91":0,"92":0,"93":0,"94":0,"95":1,"96":0,"97":0,"98":0,"99":0,"100":0,"101":0,"102":0,"103":0,"104":0,"105":0,"106":0,"107":0,"108":0,"109":0,"110":0,"111":0,"112":0,"113":0,"114":0,"115":1,"116":0,"117":0,"118":0,"119":0,"120":0,"121":0,"122":0,"123":0,"124":0,"125":0,"126":0,"127":0,"128":0,"129":0,"130":0,"131":0,"132":0,"133":0,"134":0,"135":0,"136":0,"137":0,"138":1,"139":0,"140":0,"141":0,"142":0,"143":0,"144":0,"145":0,"146":0,"147":0,"148":0,"149":0,"150":0,"151":0,"152":0,"153":0,"154":0,"155":0,"156":0,"157":0,"158":0,"159":0,"160":0,"161":0,"162":0,"163":0,"164":0,"165":0,"166":0,"167":0,"168":0,"169":0,"170":0,"171":0,"172":0,"173":0,"174":0,"175":0,"176":0,"177":0,"178":0,"179":0,"180":0,"181":0,"182":0,"183":0,"184":0,"185":0,"186":0,"187":0,"188":0,"189":0,"190":0,"191":0,"192":1,"193":0,"194":0,"195":0,"196":0,"197":0,"198":0,"199":0,"200":0,"201":0,"202":0,"203":0,"204":0,"205":0,"206":0,"207":0,"208":0,"209":0,"210":0,"211":0,"212":1,"213":0,"214":0,"215":0,"216":0,"217":0,"218":0,"219":0,"220":1},"f":{"0":0,"1":0,"2":0,"3":0,"4":0,"5":0,"6":0,"7":0,"8":0,"9":0,"10":0,"11":0,"12":0,"13":0,"14":0,"15":0,"16":0,"17":0,"18":0,"19":0,"20":0,"21":0,"22":0,"23":0,"24":0,"25":0,"26":0,"27":0,"28":0,"29":0,"30":0,"31":0,"32":0,"33":0,"34":0,"35":0,"36":0,"37":0,"38":0,"39":0,"40":0,"41":0},"b":{"0":[0,0],"1":[0,0],"2":[0,0],"3":[0,0],"4":[0,0,0],"5":[0,0],"6":[0,0],"7":[0,0],"8":[0,0],"9":[0,0],"10":[0,0],"11":[0,0],"12":[0,0],"13":[0,0,0,0,0,0,0,0,0],"14":[0,0],"15":[0,0],"16":[0,0]},"_coverageSchema":"1a1c01bbd47fc00a2c39e90264f33305004495a9","hash":"13b352ceb3fedd6abbe960370ddd8da4e31f3af5"}
,"C:\\Users\\rebtt\\Desktop\\app\\PopRun\\utils\\shareOld.js": {"path":"C:\\Users\\rebtt\\Desktop\\app\\PopRun\\utils\\shareOld.js","statementMap":{"0":{"start":{"line":2,"column":15},"end":{"line":2,"column":32}},"1":{"start":{"line":4,"column":26},"end":{"line":4,"column":35}},"2":{"start":{"line":5,"column":24},"end":{"line":5,"column":32}},"3":{"start":{"line":6,"column":30},"end":{"line":6,"column":31}},"4":{"start":{"line":7,"column":11},"end":{"line":7,"column":38}},"5":{"start":{"line":8,"column":15},"end":{"line":8,"column":33}},"6":{"start":{"line":18,"column":21},"end":{"line":40,"column":1}},"7":{"start":{"line":19,"column":4},"end":{"line":19,"column":26}},"8":{"start":{"line":19,"column":13},"end":{"line":19,"column":26}},"9":{"start":{"line":20,"column":4},"end":{"line":22,"column":5}},"10":{"start":{"line":21,"column":8},"end":{"line":21,"column":21}},"11":{"start":{"line":23,"column":4},"end":{"line":23,"column":16}},"12":{"start":{"line":24,"column":4},"end":{"line":38,"column":5}},"13":{"start":{"line":25,"column":20},"end":{"line":25,"column":23}},"14":{"start":{"line":26,"column":21},"end":{"line":26,"column":24}},"15":{"start":{"line":27,"column":8},"end":{"line":27,"column":58}},"16":{"start":{"line":29,"column":20},"end":{"line":29,"column":23}},"17":{"start":{"line":30,"column":21},"end":{"line":30,"column":24}},"18":{"start":{"line":31,"column":8},"end":{"line":37,"column":10}},"19":{"start":{"line":34,"column":16},"end":{"line":34,"column":44}},"20":{"start":{"line":35,"column":16},"end":{"line":35,"column":73}},"21":{"start":{"line":48,"column":16},"end":{"line":76,"column":1}},"22":{"start":{"line":49,"column":16},"end":{"line":49,"column":19}},"23":{"start":{"line":50,"column":17},"end":{"line":50,"column":20}},"24":{"start":{"line":51,"column":4},"end":{"line":54,"column":5}},"25":{"start":{"line":52,"column":8},"end":{"line":52,"column":20}},"26":{"start":{"line":53,"column":8},"end":{"line":53,"column":21}},"27":{"start":{"line":55,"column":4},"end":{"line":75,"column":6}},"28":{"start":{"line":57,"column":12},"end":{"line":73,"column":14}},"29":{"start":{"line":66,"column":20},"end":{"line":66,"column":44}},"30":{"start":{"line":67,"column":20},"end":{"line":67,"column":47}},"31":{"start":{"line":70,"column":20},"end":{"line":70,"column":46}},"32":{"start":{"line":71,"column":20},"end":{"line":71,"column":34}},"33":{"start":{"line":82,"column":21},"end":{"line":92,"column":1}},"34":{"start":{"line":89,"column":4},"end":{"line":91,"column":6}},"35":{"start":{"line":90,"column":8},"end":{"line":90,"column":19}},"36":{"start":{"line":97,"column":22},"end":{"line":134,"column":1}},"37":{"start":{"line":98,"column":20},"end":{"line":98,"column":30}},"38":{"start":{"line":100,"column":4},"end":{"line":133,"column":6}},"39":{"start":{"line":104,"column":8},"end":{"line":104,"column":31}},"40":{"start":{"line":105,"column":8},"end":{"line":105,"column":47}},"41":{"start":{"line":118,"column":8},"end":{"line":118,"column":31}},"42":{"start":{"line":119,"column":8},"end":{"line":119,"column":31}},"43":{"start":{"line":120,"column":8},"end":{"line":120,"column":31}},"44":{"start":{"line":121,"column":8},"end":{"line":121,"column":50}},"45":{"start":{"line":122,"column":8},"end":{"line":122,"column":31}},"46":{"start":{"line":123,"column":8},"end":{"line":123,"column":48}},"47":{"start":{"line":126,"column":28},"end":{"line":126,"column":31}},"48":{"start":{"line":127,"column":28},"end":{"line":127,"column":31}},"49":{"start":{"line":128,"column":25},"end":{"line":128,"column":46}},"50":{"start":{"line":129,"column":25},"end":{"line":129,"column":47}},"51":{"start":{"line":130,"column":8},"end":{"line":130,"column":77}},"52":{"start":{"line":131,"column":8},"end":{"line":131,"column":22}},"53":{"start":{"line":132,"column":8},"end":{"line":132,"column":19}},"54":{"start":{"line":139,"column":23},"end":{"line":171,"column":1}},"55":{"start":{"line":140,"column":4},"end":{"line":170,"column":6}},"56":{"start":{"line":142,"column":8},"end":{"line":169,"column":9}},"57":{"start":{"line":144,"column":12},"end":{"line":144,"column":76}},"58":{"start":{"line":145,"column":12},"end":{"line":145,"column":26}},"59":{"start":{"line":147,"column":12},"end":{"line":147,"column":52}},"60":{"start":{"line":148,"column":12},"end":{"line":148,"column":23}},"61":{"start":{"line":149,"column":14},"end":{"line":169,"column":9}},"62":{"start":{"line":151,"column":24},"end":{"line":151,"column":71}},"63":{"start":{"line":152,"column":12},"end":{"line":152,"column":48}},"64":{"start":{"line":153,"column":12},"end":{"line":153,"column":46}},"65":{"start":{"line":154,"column":12},"end":{"line":154,"column":32}},"66":{"start":{"line":155,"column":12},"end":{"line":155,"column":46}},"67":{"start":{"line":157,"column":12},"end":{"line":157,"column":52}},"68":{"start":{"line":158,"column":12},"end":{"line":158,"column":23}},"69":{"start":{"line":161,"column":24},"end":{"line":161,"column":73}},"70":{"start":{"line":162,"column":12},"end":{"line":162,"column":51}},"71":{"start":{"line":163,"column":12},"end":{"line":163,"column":49}},"72":{"start":{"line":164,"column":12},"end":{"line":164,"column":32}},"73":{"start":{"line":165,"column":12},"end":{"line":165,"column":46}},"74":{"start":{"line":167,"column":12},"end":{"line":167,"column":52}},"75":{"start":{"line":168,"column":12},"end":{"line":168,"column":23}},"76":{"start":{"line":176,"column":17},"end":{"line":246,"column":1}},"77":{"start":{"line":178,"column":4},"end":{"line":178,"column":28}},"78":{"start":{"line":179,"column":4},"end":{"line":179,"column":28}},"79":{"start":{"line":180,"column":4},"end":{"line":180,"column":29}},"80":{"start":{"line":181,"column":4},"end":{"line":181,"column":52}},"81":{"start":{"line":184,"column":4},"end":{"line":184,"column":28}},"82":{"start":{"line":185,"column":4},"end":{"line":185,"column":32}},"83":{"start":{"line":186,"column":4},"end":{"line":186,"column":42}},"84":{"start":{"line":187,"column":4},"end":{"line":187,"column":42}},"85":{"start":{"line":188,"column":4},"end":{"line":188,"column":48}},"86":{"start":{"line":190,"column":4},"end":{"line":190,"column":28}},"87":{"start":{"line":191,"column":4},"end":{"line":191,"column":30}},"88":{"start":{"line":192,"column":4},"end":{"line":192,"column":48}},"89":{"start":{"line":193,"column":4},"end":{"line":193,"column":49}},"90":{"start":{"line":194,"column":4},"end":{"line":194,"column":51}},"91":{"start":{"line":197,"column":4},"end":{"line":197,"column":20}},"92":{"start":{"line":198,"column":4},"end":{"line":198,"column":32}},"93":{"start":{"line":199,"column":4},"end":{"line":199,"column":38}},"94":{"start":{"line":200,"column":4},"end":{"line":200,"column":30}},"95":{"start":{"line":201,"column":4},"end":{"line":201,"column":20}},"96":{"start":{"line":202,"column":4},"end":{"line":202,"column":17}},"97":{"start":{"line":205,"column":4},"end":{"line":205,"column":27}},"98":{"start":{"line":206,"column":4},"end":{"line":206,"column":32}},"99":{"start":{"line":207,"column":4},"end":{"line":207,"column":50}},"100":{"start":{"line":209,"column":4},"end":{"line":209,"column":27}},"101":{"start":{"line":210,"column":4},"end":{"line":210,"column":27}},"102":{"start":{"line":211,"column":4},"end":{"line":211,"column":50}},"103":{"start":{"line":214,"column":4},"end":{"line":214,"column":27}},"104":{"start":{"line":215,"column":4},"end":{"line":215,"column":32}},"105":{"start":{"line":216,"column":4},"end":{"line":216,"column":56}},"106":{"start":{"line":217,"column":4},"end":{"line":217,"column":58}},"107":{"start":{"line":220,"column":4},"end":{"line":220,"column":20}},"108":{"start":{"line":221,"column":4},"end":{"line":221,"column":47}},"109":{"start":{"line":222,"column":4},"end":{"line":222,"column":46}},"110":{"start":{"line":223,"column":4},"end":{"line":223,"column":30}},"111":{"start":{"line":224,"column":4},"end":{"line":224,"column":22}},"112":{"start":{"line":225,"column":4},"end":{"line":225,"column":20}},"113":{"start":{"line":226,"column":4},"end":{"line":226,"column":17}},"114":{"start":{"line":228,"column":4},"end":{"line":245,"column":5}},"115":{"start":{"line":230,"column":29},"end":{"line":230,"column":31}},"116":{"start":{"line":231,"column":29},"end":{"line":231,"column":31}},"117":{"start":{"line":232,"column":26},"end":{"line":232,"column":28}},"118":{"start":{"line":233,"column":26},"end":{"line":233,"column":28}},"119":{"start":{"line":235,"column":8},"end":{"line":235,"column":30}},"120":{"start":{"line":236,"column":8},"end":{"line":236,"column":31}},"121":{"start":{"line":237,"column":8},"end":{"line":237,"column":33}},"122":{"start":{"line":238,"column":8},"end":{"line":238,"column":84}},"123":{"start":{"line":239,"column":8},"end":{"line":239,"column":24}},"124":{"start":{"line":240,"column":8},"end":{"line":240,"column":101}},"125":{"start":{"line":241,"column":8},"end":{"line":241,"column":24}},"126":{"start":{"line":242,"column":8},"end":{"line":242,"column":19}},"127":{"start":{"line":243,"column":8},"end":{"line":243,"column":78}},"128":{"start":{"line":244,"column":8},"end":{"line":244,"column":22}},"129":{"start":{"line":251,"column":15},"end":{"line":281,"column":1}},"130":{"start":{"line":252,"column":4},"end":{"line":280,"column":5}},"131":{"start":{"line":254,"column":12},"end":{"line":254,"column":64}},"132":{"start":{"line":255,"column":12},"end":{"line":255,"column":18}},"133":{"start":{"line":257,"column":12},"end":{"line":257,"column":73}},"134":{"start":{"line":258,"column":12},"end":{"line":258,"column":18}},"135":{"start":{"line":260,"column":12},"end":{"line":260,"column":65}},"136":{"start":{"line":261,"column":12},"end":{"line":261,"column":18}},"137":{"start":{"line":263,"column":12},"end":{"line":263,"column":74}},"138":{"start":{"line":264,"column":12},"end":{"line":264,"column":18}},"139":{"start":{"line":266,"column":12},"end":{"line":266,"column":65}},"140":{"start":{"line":267,"column":12},"end":{"line":267,"column":18}},"141":{"start":{"line":269,"column":12},"end":{"line":269,"column":73}},"142":{"start":{"line":270,"column":12},"end":{"line":270,"column":18}},"143":{"start":{"line":272,"column":12},"end":{"line":272,"column":65}},"144":{"start":{"line":273,"column":12},"end":{"line":273,"column":18}},"145":{"start":{"line":275,"column":12},"end":{"line":275,"column":74}},"146":{"start":{"line":276,"column":12},"end":{"line":276,"column":18}},"147":{"start":{"line":278,"column":12},"end":{"line":278,"column":65}},"148":{"start":{"line":279,"column":12},"end":{"line":279,"column":18}},"149":{"start":{"line":287,"column":19},"end":{"line":294,"column":1}},"150":{"start":{"line":288,"column":4},"end":{"line":288,"column":29}},"151":{"start":{"line":289,"column":4},"end":{"line":289,"column":56}},"152":{"start":{"line":290,"column":4},"end":{"line":290,"column":88}},"153":{"start":{"line":291,"column":4},"end":{"line":291,"column":85}},"154":{"start":{"line":292,"column":4},"end":{"line":292,"column":80}},"155":{"start":{"line":293,"column":4},"end":{"line":293,"column":15}},"156":{"start":{"line":298,"column":0},"end":{"line":301,"column":1}}},"fnMap":{"0":{"name":"(anonymous_0)","decl":{"start":{"line":18,"column":21},"end":{"line":18,"column":22}},"loc":{"start":{"line":18,"column":47},"end":{"line":40,"column":1}},"line":18},"1":{"name":"(anonymous_1)","decl":{"start":{"line":33,"column":21},"end":{"line":33,"column":22}},"loc":{"start":{"line":33,"column":26},"end":{"line":36,"column":13}},"line":33},"2":{"name":"(anonymous_2)","decl":{"start":{"line":48,"column":16},"end":{"line":48,"column":17}},"loc":{"start":{"line":48,"column":36},"end":{"line":76,"column":1}},"line":48},"3":{"name":"(anonymous_3)","decl":{"start":{"line":55,"column":23},"end":{"line":55,"column":24}},"loc":{"start":{"line":55,"column":45},"end":{"line":75,"column":5}},"line":55},"4":{"name":"(anonymous_4)","decl":{"start":{"line":65,"column":25},"end":{"line":65,"column":26}},"loc":{"start":{"line":65,"column":40},"end":{"line":68,"column":17}},"line":65},"5":{"name":"(anonymous_5)","decl":{"start":{"line":69,"column":22},"end":{"line":69,"column":23}},"loc":{"start":{"line":69,"column":29},"end":{"line":72,"column":17}},"line":69},"6":{"name":"(anonymous_6)","decl":{"start":{"line":82,"column":21},"end":{"line":82,"column":22}},"loc":{"start":{"line":82,"column":50},"end":{"line":92,"column":1}},"line":82},"7":{"name":"(anonymous_7)","decl":{"start":{"line":89,"column":49},"end":{"line":89,"column":50}},"loc":{"start":{"line":89,"column":54},"end":{"line":91,"column":5}},"line":89},"8":{"name":"(anonymous_8)","decl":{"start":{"line":97,"column":22},"end":{"line":97,"column":23}},"loc":{"start":{"line":97,"column":57},"end":{"line":134,"column":1}},"line":97},"9":{"name":"(anonymous_9)","decl":{"start":{"line":100,"column":58},"end":{"line":100,"column":59}},"loc":{"start":{"line":100,"column":63},"end":{"line":133,"column":5}},"line":100},"10":{"name":"(anonymous_10)","decl":{"start":{"line":139,"column":23},"end":{"line":139,"column":24}},"loc":{"start":{"line":139,"column":58},"end":{"line":171,"column":1}},"line":139},"11":{"name":"(anonymous_11)","decl":{"start":{"line":140,"column":23},"end":{"line":140,"column":24}},"loc":{"start":{"line":140,"column":45},"end":{"line":170,"column":5}},"line":140},"12":{"name":"(anonymous_12)","decl":{"start":{"line":176,"column":17},"end":{"line":176,"column":18}},"loc":{"start":{"line":176,"column":51},"end":{"line":246,"column":1}},"line":176},"13":{"name":"(anonymous_13)","decl":{"start":{"line":251,"column":15},"end":{"line":251,"column":16}},"loc":{"start":{"line":251,"column":50},"end":{"line":281,"column":1}},"line":251},"14":{"name":"(anonymous_14)","decl":{"start":{"line":287,"column":19},"end":{"line":287,"column":20}},"loc":{"start":{"line":287,"column":26},"end":{"line":294,"column":1}},"line":287}},"branchMap":{"0":{"loc":{"start":{"line":19,"column":4},"end":{"line":19,"column":26}},"type":"if","locations":[{"start":{"line":19,"column":4},"end":{"line":19,"column":26}},{"start":{},"end":{}}],"line":19},"1":{"loc":{"start":{"line":20,"column":4},"end":{"line":22,"column":5}},"type":"if","locations":[{"start":{"line":20,"column":4},"end":{"line":22,"column":5}},{"start":{},"end":{}}],"line":20},"2":{"loc":{"start":{"line":20,"column":7},"end":{"line":20,"column":22}},"type":"binary-expr","locations":[{"start":{"line":20,"column":7},"end":{"line":20,"column":11}},{"start":{"line":20,"column":16},"end":{"line":20,"column":21}}],"line":20},"3":{"loc":{"start":{"line":24,"column":4},"end":{"line":38,"column":5}},"type":"if","locations":[{"start":{"line":24,"column":4},"end":{"line":38,"column":5}},{"start":{"line":28,"column":9},"end":{"line":38,"column":5}}],"line":24},"4":{"loc":{"start":{"line":51,"column":4},"end":{"line":54,"column":5}},"type":"if","locations":[{"start":{"line":51,"column":4},"end":{"line":54,"column":5}},{"start":{},"end":{}}],"line":51},"5":{"loc":{"start":{"line":142,"column":8},"end":{"line":169,"column":9}},"type":"if","locations":[{"start":{"line":142,"column":8},"end":{"line":169,"column":9}},{"start":{"line":149,"column":14},"end":{"line":169,"column":9}}],"line":142},"6":{"loc":{"start":{"line":149,"column":14},"end":{"line":169,"column":9}},"type":"if","locations":[{"start":{"line":149,"column":14},"end":{"line":169,"column":9}},{"start":{"line":159,"column":13},"end":{"line":169,"column":9}}],"line":149},"7":{"loc":{"start":{"line":228,"column":4},"end":{"line":245,"column":5}},"type":"if","locations":[{"start":{"line":228,"column":4},"end":{"line":245,"column":5}},{"start":{},"end":{}}],"line":228},"8":{"loc":{"start":{"line":252,"column":4},"end":{"line":280,"column":5}},"type":"switch","locations":[{"start":{"line":253,"column":8},"end":{"line":255,"column":18}},{"start":{"line":256,"column":8},"end":{"line":258,"column":18}},{"start":{"line":259,"column":8},"end":{"line":261,"column":18}},{"start":{"line":262,"column":8},"end":{"line":264,"column":18}},{"start":{"line":265,"column":8},"end":{"line":267,"column":18}},{"start":{"line":268,"column":8},"end":{"line":270,"column":18}},{"start":{"line":271,"column":8},"end":{"line":273,"column":18}},{"start":{"line":274,"column":8},"end":{"line":276,"column":18}},{"start":{"line":277,"column":8},"end":{"line":279,"column":18}}],"line":252},"9":{"loc":{"start":{"line":290,"column":17},"end":{"line":290,"column":87}},"type":"cond-expr","locations":[{"start":{"line":290,"column":46},"end":{"line":290,"column":75}},{"start":{"line":290,"column":78},"end":{"line":290,"column":87}}],"line":290}},"s":{"0":1,"1":1,"2":1,"3":1,"4":1,"5":1,"6":1,"7":0,"8":0,"9":0,"10":0,"11":0,"12":0,"13":0,"14":0,"15":0,"16":0,"17":0,"18":0,"19":0,"20":0,"21":1,"22":0,"23":0,"24":0,"25":0,"26":0,"27":0,"28":0,"29":0,"30":0,"31":0,"32":0,"33":1,"34":0,"35":0,"36":1,"37":0,"38":0,"39":0,"40":0,"41":0,"42":0,"43":0,"44":0,"45":0,"46":0,"47":0,"48":0,"49":0,"50":0,"51":0,"52":0,"53":0,"54":1,"55":0,"56":0,"57":0,"58":0,"59":0,"60":0,"61":0,"62":0,"63":0,"64":0,"65":0,"66":0,"67":0,"68":0,"69":0,"70":0,"71":0,"72":0,"73":0,"74":0,"75":0,"76":1,"77":0,"78":0,"79":0,"80":0,"81":0,"82":0,"83":0,"84":0,"85":0,"86":0,"87":0,"88":0,"89":0,"90":0,"91":0,"92":0,"93":0,"94":0,"95":0,"96":0,"97":0,"98":0,"99":0,"100":0,"101":0,"102":0,"103":0,"104":0,"105":0,"106":0,"107":0,"108":0,"109":0,"110":0,"111":0,"112":0,"113":0,"114":0,"115":0,"116":0,"117":0,"118":0,"119":0,"120":0,"121":0,"122":0,"123":0,"124":0,"125":0,"126":0,"127":0,"128":0,"129":1,"130":0,"131":0,"132":0,"133":0,"134":0,"135":0,"136":0,"137":0,"138":0,"139":0,"140":0,"141":0,"142":0,"143":0,"144":0,"145":0,"146":0,"147":0,"148":0,"149":1,"150":0,"151":0,"152":0,"153":0,"154":0,"155":0,"156":1},"f":{"0":0,"1":0,"2":0,"3":0,"4":0,"5":0,"6":0,"7":0,"8":0,"9":0,"10":0,"11":0,"12":0,"13":0,"14":0},"b":{"0":[0,0],"1":[0,0],"2":[0,0],"3":[0,0],"4":[0,0],"5":[0,0],"6":[0,0],"7":[0,0],"8":[0,0,0,0,0,0,0,0,0],"9":[0,0]},"_coverageSchema":"1a1c01bbd47fc00a2c39e90264f33305004495a9","hash":"677b03011249e655f1ee83a3b9ebf7a8a9a83ccb"}
,"C:\\Users\\rebtt\\Desktop\\app\\PopRun\\utils\\util.js": {"path":"C:\\Users\\rebtt\\Desktop\\app\\PopRun\\utils\\util.js","statementMap":{"0":{"start":{"line":1,"column":19},"end":{"line":9,"column":1}},"1":{"start":{"line":2,"column":15},"end":{"line":2,"column":33}},"2":{"start":{"line":3,"column":16},"end":{"line":3,"column":35}},"3":{"start":{"line":4,"column":14},"end":{"line":4,"column":28}},"4":{"start":{"line":5,"column":15},"end":{"line":5,"column":30}},"5":{"start":{"line":6,"column":17},"end":{"line":6,"column":34}},"6":{"start":{"line":7,"column":17},"end":{"line":7,"column":34}},"7":{"start":{"line":8,"column":2},"end":{"line":8,"column":114}},"8":{"start":{"line":11,"column":21},"end":{"line":14,"column":1}},"9":{"start":{"line":12,"column":2},"end":{"line":12,"column":18}},"10":{"start":{"line":13,"column":2},"end":{"line":13,"column":27}},"11":{"start":{"line":16,"column":20},"end":{"line":27,"column":1}},"12":{"start":{"line":19,"column":2},"end":{"line":26,"column":3}},"13":{"start":{"line":20,"column":4},"end":{"line":20,"column":19}},"14":{"start":{"line":22,"column":4},"end":{"line":22,"column":25}},"15":{"start":{"line":23,"column":12},"end":{"line":23,"column":46}},"16":{"start":{"line":24,"column":12},"end":{"line":24,"column":51}},"17":{"start":{"line":25,"column":4},"end":{"line":25,"column":29}},"18":{"start":{"line":30,"column":26},"end":{"line":32,"column":1}},"19":{"start":{"line":31,"column":2},"end":{"line":31,"column":63}},"20":{"start":{"line":35,"column":20},"end":{"line":37,"column":1}},"21":{"start":{"line":36,"column":2},"end":{"line":36,"column":23}},"22":{"start":{"line":40,"column":0},"end":{"line":46,"column":1}}},"fnMap":{"0":{"name":"(anonymous_0)","decl":{"start":{"line":1,"column":19},"end":{"line":1,"column":20}},"loc":{"start":{"line":1,"column":27},"end":{"line":9,"column":1}},"line":1},"1":{"name":"(anonymous_1)","decl":{"start":{"line":11,"column":21},"end":{"line":11,"column":22}},"loc":{"start":{"line":11,"column":26},"end":{"line":14,"column":1}},"line":11},"2":{"name":"(anonymous_2)","decl":{"start":{"line":16,"column":20},"end":{"line":16,"column":21}},"loc":{"start":{"line":16,"column":27},"end":{"line":27,"column":1}},"line":16},"3":{"name":"(anonymous_3)","decl":{"start":{"line":30,"column":26},"end":{"line":30,"column":27}},"loc":{"start":{"line":30,"column":31},"end":{"line":32,"column":1}},"line":30},"4":{"name":"(anonymous_4)","decl":{"start":{"line":35,"column":20},"end":{"line":35,"column":21}},"loc":{"start":{"line":35,"column":27},"end":{"line":37,"column":1}},"line":35}},"branchMap":{"0":{"loc":{"start":{"line":13,"column":9},"end":{"line":13,"column":27}},"type":"cond-expr","locations":[{"start":{"line":13,"column":16},"end":{"line":13,"column":17}},{"start":{"line":13,"column":20},"end":{"line":13,"column":27}}],"line":13},"1":{"loc":{"start":{"line":19,"column":2},"end":{"line":26,"column":3}},"type":"if","locations":[{"start":{"line":19,"column":2},"end":{"line":26,"column":3}},{"start":{"line":21,"column":9},"end":{"line":26,"column":3}}],"line":19},"2":{"loc":{"start":{"line":19,"column":6},"end":{"line":19,"column":26}},"type":"binary-expr","locations":[{"start":{"line":19,"column":6},"end":{"line":19,"column":16}},{"start":{"line":19,"column":20},"end":{"line":19,"column":26}}],"line":19}},"s":{"0":1,"1":2,"2":2,"3":2,"4":2,"5":2,"6":2,"7":2,"8":1,"9":14,"10":14,"11":1,"12":2,"13":1,"14":1,"15":1,"16":1,"17":1,"18":1,"19":0,"20":1,"21":0,"22":1},"f":{"0":2,"1":14,"2":2,"3":0,"4":0},"b":{"0":[11,3],"1":[1,1],"2":[2,1]},"_coverageSchema":"1a1c01bbd47fc00a2c39e90264f33305004495a9","hash":"25d226bae08ddc1a8fb51869938fb4658f884e5a"}
}
