TN:
SF:pages\run\run.js
FN:19,Rad
FN:24,distance
FN:39,spdCheck
FN:72,(anonymous_3)
FN:73,(anonymous_4)
FN:86,(anonymous_5)
FN:93,(anonymous_6)
FN:112,(anonymous_7)
FN:116,(anonymous_8)
FN:125,(anonymous_9)
FN:140,(anonymous_10)
FN:148,(anonymous_11)
FN:157,(anonymous_12)
FN:172,(anonymous_13)
FN:174,(anonymous_14)
FN:185,(anonymous_15)
FN:198,(anonymous_16)
FN:209,(anonymous_17)
FN:215,(anonymous_18)
FN:224,(anonymous_19)
FN:235,(anonymous_20)
FN:243,(anonymous_21)
FN:254,(anonymous_22)
FN:257,(anonymous_23)
FN:266,countDownStart
FN:284,(anonymous_25)
FN:299,(anonymous_26)
FN:322,(anonymous_27)
FN:330,(anonymous_28)
FN:335,(anonymous_29)
FN:348,(anonymous_30)
FN:354,(anonymous_31)
FN:364,(anonymous_32)
FN:373,(anonymous_33)
FN:401,(anonymous_34)
FN:405,(anonymous_35)
FN:424,(anonymous_36)
FN:482,(anonymous_37)
FN:499,(anonymous_38)
FN:503,(anonymous_39)
FN:534,(anonymous_40)
FN:540,(anonymous_41)
FN:549,(anonymous_42)
FN:558,(anonymous_43)
FN:562,(anonymous_44)
FN:573,(anonymous_45)
FN:574,(anonymous_46)
FN:585,(anonymous_47)
FN:589,(anonymous_48)
FN:595,(anonymous_49)
FN:604,(anonymous_50)
FN:610,(anonymous_51)
FN:617,(anonymous_52)
FN:619,(anonymous_53)
FN:631,(anonymous_54)
FN:633,(anonymous_55)
FN:637,(anonymous_56)
FN:643,(anonymous_57)
FN:650,(anonymous_58)
FN:661,(anonymous_59)
FN:671,(anonymous_60)
FNF:61
FNH:14
FNDA:8,Rad
FNDA:2,distance
FNDA:1,spdCheck
FNDA:0,(anonymous_3)
FNDA:1,(anonymous_4)
FNDA:0,(anonymous_5)
FNDA:0,(anonymous_6)
FNDA:1,(anonymous_7)
FNDA:0,(anonymous_8)
FNDA:0,(anonymous_9)
FNDA:0,(anonymous_10)
FNDA:0,(anonymous_11)
FNDA:0,(anonymous_12)
FNDA:0,(anonymous_13)
FNDA:0,(anonymous_14)
FNDA:0,(anonymous_15)
FNDA:1,(anonymous_16)
FNDA:1,(anonymous_17)
FNDA:0,(anonymous_18)
FNDA:0,(anonymous_19)
FNDA:2,(anonymous_20)
FNDA:0,(anonymous_21)
FNDA:0,(anonymous_22)
FNDA:0,(anonymous_23)
FNDA:0,countDownStart
FNDA:0,(anonymous_25)
FNDA:1,(anonymous_26)
FNDA:0,(anonymous_27)
FNDA:1,(anonymous_28)
FNDA:1,(anonymous_29)
FNDA:0,(anonymous_30)
FNDA:0,(anonymous_31)
FNDA:0,(anonymous_32)
FNDA:1,(anonymous_33)
FNDA:0,(anonymous_34)
FNDA:1,(anonymous_35)
FNDA:1,(anonymous_36)
FNDA:0,(anonymous_37)
FNDA:0,(anonymous_38)
FNDA:0,(anonymous_39)
FNDA:0,(anonymous_40)
FNDA:0,(anonymous_41)
FNDA:0,(anonymous_42)
FNDA:0,(anonymous_43)
FNDA:0,(anonymous_44)
FNDA:0,(anonymous_45)
FNDA:0,(anonymous_46)
FNDA:0,(anonymous_47)
FNDA:0,(anonymous_48)
FNDA:0,(anonymous_49)
FNDA:0,(anonymous_50)
FNDA:0,(anonymous_51)
FNDA:0,(anonymous_52)
FNDA:0,(anonymous_53)
FNDA:0,(anonymous_54)
FNDA:0,(anonymous_55)
FNDA:0,(anonymous_56)
FNDA:0,(anonymous_57)
FNDA:0,(anonymous_58)
FNDA:0,(anonymous_59)
FNDA:0,(anonymous_60)
DA:3,1
DA:4,1
DA:5,1
DA:6,1
DA:9,1
DA:10,1
DA:11,1
DA:12,1
DA:13,1
DA:14,1
DA:15,1
DA:16,1
DA:17,1
DA:21,8
DA:25,2
DA:26,2
DA:27,2
DA:28,2
DA:29,2
DA:31,2
DA:33,2
DA:35,2
DA:36,2
DA:40,1
DA:41,1
DA:44,1
DA:74,1
DA:75,1
DA:81,1
DA:82,1
DA:84,1
DA:94,0
DA:95,0
DA:97,0
DA:99,0
DA:100,0
DA:101,0
DA:109,0
DA:113,1
DA:114,1
DA:118,0
DA:126,0
DA:127,0
DA:128,0
DA:132,0
DA:141,0
DA:144,0
DA:149,0
DA:150,0
DA:151,0
DA:158,0
DA:159,0
DA:160,0
DA:161,0
DA:162,0
DA:163,0
DA:166,0
DA:173,0
DA:174,0
DA:175,0
DA:176,0
DA:177,0
DA:179,0
DA:182,0
DA:186,0
DA:187,0
DA:188,0
DA:189,0
DA:190,0
DA:199,1
DA:210,1
DA:211,1
DA:216,0
DA:217,0
DA:218,0
DA:225,0
DA:226,0
DA:236,2
DA:237,0
DA:239,2
DA:244,0
DA:245,0
DA:246,0
DA:247,0
DA:248,0
DA:258,0
DA:261,0
DA:264,0
DA:267,0
DA:268,0
DA:269,0
DA:270,0
DA:272,0
DA:275,0
DA:283,0
DA:284,0
DA:285,0
DA:286,0
DA:287,0
DA:291,0
DA:292,0
DA:293,0
DA:300,1
DA:301,1
DA:305,1
DA:306,1
DA:307,0
DA:308,0
DA:310,1
DA:323,0
DA:324,0
DA:331,1
DA:332,1
DA:336,1
DA:337,1
DA:338,1
DA:343,1
DA:346,1
DA:349,0
DA:350,0
DA:351,0
DA:355,0
DA:356,0
DA:365,0
DA:366,0
DA:374,1
DA:375,1
DA:376,1
DA:377,1
DA:378,1
DA:379,1
DA:381,1
DA:382,1
DA:387,1
DA:391,1
DA:392,1
DA:393,1
DA:394,1
DA:395,1
DA:396,0
DA:397,0
DA:402,0
DA:406,1
DA:407,1
DA:408,1
DA:409,1
DA:410,1
DA:411,1
DA:416,0
DA:417,0
DA:425,1
DA:426,1
DA:427,1
DA:431,1
DA:432,1
DA:433,1
DA:434,1
DA:435,1
DA:436,1
DA:437,1
DA:438,1
DA:439,1
DA:440,1
DA:455,1
DA:457,1
DA:465,1
DA:466,1
DA:467,1
DA:468,1
DA:469,1
DA:470,1
DA:471,1
DA:472,1
DA:473,1
DA:474,1
DA:475,1
DA:483,0
DA:484,0
DA:486,0
DA:487,0
DA:489,0
DA:500,0
DA:504,0
DA:505,0
DA:506,0
DA:507,0
DA:508,0
DA:509,0
DA:510,0
DA:511,0
DA:535,0
DA:541,0
DA:542,0
DA:543,0
DA:544,0
DA:545,0
DA:550,0
DA:553,0
DA:554,0
DA:559,0
DA:563,0
DA:567,0
DA:577,0
DA:586,0
DA:587,0
DA:590,0
DA:596,0
DA:605,0
DA:611,0
DA:612,0
DA:615,0
DA:617,0
DA:619,0
DA:621,0
DA:622,0
DA:623,0
DA:624,0
DA:626,0
DA:627,0
DA:628,0
DA:630,0
DA:631,0
DA:632,0
DA:633,0
DA:634,0
DA:637,0
DA:638,0
DA:642,0
DA:644,0
DA:651,0
DA:652,0
DA:657,0
DA:662,0
DA:672,0
DA:673,0
DA:679,0
LF:236
LH:96
BRDA:40,0,0,1
BRDA:40,0,1,0
BRDA:41,1,0,0
BRDA:41,1,1,1
BRDA:95,2,0,0
BRDA:95,2,1,0
BRDA:95,3,0,0
BRDA:95,3,1,0
BRDA:100,4,0,0
BRDA:100,4,1,0
BRDA:127,5,0,0
BRDA:127,5,1,0
BRDA:127,6,0,0
BRDA:127,6,1,0
BRDA:161,7,0,0
BRDA:161,7,1,0
BRDA:163,8,0,0
BRDA:163,8,1,0
BRDA:175,9,0,0
BRDA:175,9,1,0
BRDA:236,10,0,0
BRDA:236,10,1,2
BRDA:245,11,0,0
BRDA:245,11,1,0
BRDA:247,12,0,0
BRDA:247,12,1,0
BRDA:267,13,0,0
BRDA:267,13,1,0
BRDA:286,14,0,0
BRDA:286,14,1,0
BRDA:300,15,0,1
BRDA:300,15,1,0
BRDA:306,16,0,0
BRDA:306,16,1,1
BRDA:308,17,0,0
BRDA:308,17,1,0
BRDA:323,18,0,0
BRDA:323,18,1,0
BRDA:378,19,0,0
BRDA:378,19,1,1
BRDA:393,20,0,1
BRDA:393,20,1,0
BRDA:394,21,0,1
BRDA:394,21,1,0
BRDA:395,22,0,0
BRDA:395,22,1,1
BRDA:407,23,0,1
BRDA:407,23,1,0
BRDA:426,24,0,1
BRDA:426,24,1,0
BRDA:455,25,0,0
BRDA:455,25,1,1
BRDA:483,26,0,0
BRDA:483,26,1,0
BRDA:544,27,0,0
BRDA:544,27,1,0
BRDA:553,28,0,0
BRDA:553,28,1,0
BRDA:611,29,0,0
BRDA:611,29,1,0
BRDA:624,30,0,0
BRDA:624,30,1,0
BRDA:632,31,0,0
BRDA:632,31,1,0
BRDA:651,32,0,0
BRDA:651,32,1,0
BRDA:672,33,0,0
BRDA:672,33,1,0
BRF:68
BRH:12
end_of_record
TN:
SF:utils\share.js
FN:12,(anonymous_0)
FN:13,(anonymous_1)
FN:15,(anonymous_2)
FN:29,(anonymous_3)
FN:30,(anonymous_4)
FN:32,(anonymous_5)
FN:50,(anonymous_6)
FN:76,(anonymous_7)
FN:83,(anonymous_8)
FN:84,(anonymous_9)
FN:93,(anonymous_10)
FN:97,(anonymous_11)
FN:111,(anonymous_12)
FN:118,(anonymous_13)
FN:119,(anonymous_14)
FN:128,(anonymous_15)
FN:132,(anonymous_16)
FN:135,(anonymous_17)
FN:140,(anonymous_18)
FN:154,(anonymous_19)
FN:161,(anonymous_20)
FN:162,(anonymous_21)
FN:171,(anonymous_22)
FN:175,(anonymous_23)
FN:180,(anonymous_24)
FN:191,(anonymous_25)
FN:198,(anonymous_26)
FN:199,(anonymous_27)
FN:208,(anonymous_28)
FN:212,(anonymous_29)
FN:215,(anonymous_30)
FN:220,(anonymous_31)
FN:237,(anonymous_32)
FN:248,(anonymous_33)
FN:256,(anonymous_34)
FN:296,(anonymous_35)
FN:297,(anonymous_36)
FN:301,(anonymous_37)
FN:336,(anonymous_38)
FN:399,(anonymous_39)
FN:413,(anonymous_40)
FN:449,(anonymous_41)
FNF:42
FNH:0
FNDA:0,(anonymous_0)
FNDA:0,(anonymous_1)
FNDA:0,(anonymous_2)
FNDA:0,(anonymous_3)
FNDA:0,(anonymous_4)
FNDA:0,(anonymous_5)
FNDA:0,(anonymous_6)
FNDA:0,(anonymous_7)
FNDA:0,(anonymous_8)
FNDA:0,(anonymous_9)
FNDA:0,(anonymous_10)
FNDA:0,(anonymous_11)
FNDA:0,(anonymous_12)
FNDA:0,(anonymous_13)
FNDA:0,(anonymous_14)
FNDA:0,(anonymous_15)
FNDA:0,(anonymous_16)
FNDA:0,(anonymous_17)
FNDA:0,(anonymous_18)
FNDA:0,(anonymous_19)
FNDA:0,(anonymous_20)
FNDA:0,(anonymous_21)
FNDA:0,(anonymous_22)
FNDA:0,(anonymous_23)
FNDA:0,(anonymous_24)
FNDA:0,(anonymous_25)
FNDA:0,(anonymous_26)
FNDA:0,(anonymous_27)
FNDA:0,(anonymous_28)
FNDA:0,(anonymous_29)
FNDA:0,(anonymous_30)
FNDA:0,(anonymous_31)
FNDA:0,(anonymous_32)
FNDA:0,(anonymous_33)
FNDA:0,(anonymous_34)
FNDA:0,(anonymous_35)
FNDA:0,(anonymous_36)
FNDA:0,(anonymous_37)
FNDA:0,(anonymous_38)
FNDA:0,(anonymous_39)
FNDA:0,(anonymous_40)
FNDA:0,(anonymous_41)
DA:2,1
DA:4,1
DA:5,1
DA:6,1
DA:12,1
DA:13,0
DA:14,0
DA:15,0
DA:16,0
DA:17,0
DA:19,0
DA:29,1
DA:30,0
DA:31,0
DA:32,0
DA:33,0
DA:34,0
DA:36,0
DA:50,1
DA:51,0
DA:52,0
DA:53,0
DA:55,0
DA:56,0
DA:57,0
DA:58,0
DA:60,0
DA:61,0
DA:62,0
DA:63,0
DA:64,0
DA:65,0
DA:76,1
DA:77,0
DA:78,0
DA:79,0
DA:80,0
DA:81,0
DA:83,0
DA:84,0
DA:85,0
DA:94,0
DA:95,0
DA:98,0
DA:99,0
DA:111,1
DA:112,0
DA:113,0
DA:114,0
DA:115,0
DA:116,0
DA:118,0
DA:119,0
DA:120,0
DA:129,0
DA:130,0
DA:133,0
DA:136,0
DA:141,0
DA:142,0
DA:154,1
DA:155,0
DA:156,0
DA:157,0
DA:158,0
DA:159,0
DA:161,0
DA:162,0
DA:163,0
DA:172,0
DA:173,0
DA:176,0
DA:177,0
DA:181,0
DA:191,1
DA:192,0
DA:193,0
DA:194,0
DA:195,0
DA:196,0
DA:198,0
DA:199,0
DA:200,0
DA:209,0
DA:210,0
DA:213,0
DA:216,0
DA:221,0
DA:222,0
DA:237,1
DA:239,0
DA:240,0
DA:241,0
DA:242,0
DA:248,1
DA:249,0
DA:251,0
DA:252,0
DA:253,0
DA:256,0
DA:260,0
DA:261,0
DA:274,0
DA:275,0
DA:276,0
DA:277,0
DA:278,0
DA:279,0
DA:282,0
DA:283,0
DA:284,0
DA:285,0
DA:287,0
DA:288,0
DA:296,1
DA:297,0
DA:299,0
DA:301,0
DA:302,0
DA:303,0
DA:305,0
DA:306,0
DA:308,0
DA:310,0
DA:311,0
DA:312,0
DA:313,0
DA:314,0
DA:316,0
DA:317,0
DA:320,0
DA:321,0
DA:322,0
DA:323,0
DA:324,0
DA:326,0
DA:327,0
DA:336,1
DA:338,0
DA:339,0
DA:340,0
DA:341,0
DA:344,0
DA:345,0
DA:346,0
DA:347,0
DA:348,0
DA:350,0
DA:351,0
DA:352,0
DA:353,0
DA:354,0
DA:357,0
DA:358,0
DA:359,0
DA:360,0
DA:361,0
DA:362,0
DA:365,0
DA:366,0
DA:367,0
DA:369,0
DA:370,0
DA:371,0
DA:374,0
DA:375,0
DA:376,0
DA:377,0
DA:380,0
DA:381,0
DA:382,0
DA:383,0
DA:384,0
DA:385,0
DA:386,0
DA:388,0
DA:390,0
DA:391,0
DA:392,0
DA:393,0
DA:395,0
DA:396,0
DA:397,0
DA:398,0
DA:399,0
DA:400,0
DA:401,0
DA:402,0
DA:403,0
DA:404,0
DA:405,0
DA:413,1
DA:414,0
DA:416,0
DA:417,0
DA:419,0
DA:420,0
DA:422,0
DA:423,0
DA:425,0
DA:426,0
DA:428,0
DA:429,0
DA:431,0
DA:432,0
DA:434,0
DA:435,0
DA:437,0
DA:438,0
DA:440,0
DA:441,0
DA:449,1
DA:450,0
DA:451,0
DA:452,0
DA:453,0
DA:454,0
DA:455,0
DA:456,0
DA:461,1
LF:220
LH:18
BRDA:16,0,0,0
BRDA:16,0,1,0
BRDA:33,1,0,0
BRDA:33,1,1,0
BRDA:51,2,0,0
BRDA:51,2,1,0
BRDA:52,3,0,0
BRDA:52,3,1,0
BRDA:52,4,0,0
BRDA:52,4,1,0
BRDA:52,4,2,0
BRDA:55,5,0,0
BRDA:55,5,1,0
BRDA:79,6,0,0
BRDA:79,6,1,0
BRDA:114,7,0,0
BRDA:114,7,1,0
BRDA:157,8,0,0
BRDA:157,8,1,0
BRDA:194,9,0,0
BRDA:194,9,1,0
BRDA:299,10,0,0
BRDA:299,10,1,0
BRDA:308,11,0,0
BRDA:308,11,1,0
BRDA:388,12,0,0
BRDA:388,12,1,0
BRDA:414,13,0,0
BRDA:414,13,1,0
BRDA:414,13,2,0
BRDA:414,13,3,0
BRDA:414,13,4,0
BRDA:414,13,5,0
BRDA:414,13,6,0
BRDA:414,13,7,0
BRDA:414,13,8,0
BRDA:450,14,0,0
BRDA:450,14,1,0
BRDA:451,15,0,0
BRDA:451,15,1,0
BRDA:453,16,0,0
BRDA:453,16,1,0
BRF:42
BRH:0
end_of_record
TN:
SF:utils\shareOld.js
FN:18,(anonymous_0)
FN:33,(anonymous_1)
FN:48,(anonymous_2)
FN:55,(anonymous_3)
FN:65,(anonymous_4)
FN:69,(anonymous_5)
FN:82,(anonymous_6)
FN:89,(anonymous_7)
FN:97,(anonymous_8)
FN:100,(anonymous_9)
FN:139,(anonymous_10)
FN:140,(anonymous_11)
FN:176,(anonymous_12)
FN:251,(anonymous_13)
FN:287,(anonymous_14)
FNF:15
FNH:0
FNDA:0,(anonymous_0)
FNDA:0,(anonymous_1)
FNDA:0,(anonymous_2)
FNDA:0,(anonymous_3)
FNDA:0,(anonymous_4)
FNDA:0,(anonymous_5)
FNDA:0,(anonymous_6)
FNDA:0,(anonymous_7)
FNDA:0,(anonymous_8)
FNDA:0,(anonymous_9)
FNDA:0,(anonymous_10)
FNDA:0,(anonymous_11)
FNDA:0,(anonymous_12)
FNDA:0,(anonymous_13)
FNDA:0,(anonymous_14)
DA:2,1
DA:4,1
DA:5,1
DA:6,1
DA:7,1
DA:8,1
DA:18,1
DA:19,0
DA:20,0
DA:21,0
DA:23,0
DA:24,0
DA:25,0
DA:26,0
DA:27,0
DA:29,0
DA:30,0
DA:31,0
DA:34,0
DA:35,0
DA:48,1
DA:49,0
DA:50,0
DA:51,0
DA:52,0
DA:53,0
DA:55,0
DA:57,0
DA:66,0
DA:67,0
DA:70,0
DA:71,0
DA:82,1
DA:89,0
DA:90,0
DA:97,1
DA:98,0
DA:100,0
DA:104,0
DA:105,0
DA:118,0
DA:119,0
DA:120,0
DA:121,0
DA:122,0
DA:123,0
DA:126,0
DA:127,0
DA:128,0
DA:129,0
DA:130,0
DA:131,0
DA:132,0
DA:139,1
DA:140,0
DA:142,0
DA:144,0
DA:145,0
DA:147,0
DA:148,0
DA:149,0
DA:151,0
DA:152,0
DA:153,0
DA:154,0
DA:155,0
DA:157,0
DA:158,0
DA:161,0
DA:162,0
DA:163,0
DA:164,0
DA:165,0
DA:167,0
DA:168,0
DA:176,1
DA:178,0
DA:179,0
DA:180,0
DA:181,0
DA:184,0
DA:185,0
DA:186,0
DA:187,0
DA:188,0
DA:190,0
DA:191,0
DA:192,0
DA:193,0
DA:194,0
DA:197,0
DA:198,0
DA:199,0
DA:200,0
DA:201,0
DA:202,0
DA:205,0
DA:206,0
DA:207,0
DA:209,0
DA:210,0
DA:211,0
DA:214,0
DA:215,0
DA:216,0
DA:217,0
DA:220,0
DA:221,0
DA:222,0
DA:223,0
DA:224,0
DA:225,0
DA:226,0
DA:228,0
DA:230,0
DA:231,0
DA:232,0
DA:233,0
DA:235,0
DA:236,0
DA:237,0
DA:238,0
DA:239,0
DA:240,0
DA:241,0
DA:242,0
DA:243,0
DA:244,0
DA:251,1
DA:252,0
DA:254,0
DA:255,0
DA:257,0
DA:258,0
DA:260,0
DA:261,0
DA:263,0
DA:264,0
DA:266,0
DA:267,0
DA:269,0
DA:270,0
DA:272,0
DA:273,0
DA:275,0
DA:276,0
DA:278,0
DA:279,0
DA:287,1
DA:288,0
DA:289,0
DA:290,0
DA:291,0
DA:292,0
DA:293,0
DA:298,1
LF:156
LH:15
BRDA:19,0,0,0
BRDA:19,0,1,0
BRDA:20,1,0,0
BRDA:20,1,1,0
BRDA:20,2,0,0
BRDA:20,2,1,0
BRDA:24,3,0,0
BRDA:24,3,1,0
BRDA:51,4,0,0
BRDA:51,4,1,0
BRDA:142,5,0,0
BRDA:142,5,1,0
BRDA:149,6,0,0
BRDA:149,6,1,0
BRDA:228,7,0,0
BRDA:228,7,1,0
BRDA:252,8,0,0
BRDA:252,8,1,0
BRDA:252,8,2,0
BRDA:252,8,3,0
BRDA:252,8,4,0
BRDA:252,8,5,0
BRDA:252,8,6,0
BRDA:252,8,7,0
BRDA:252,8,8,0
BRDA:290,9,0,0
BRDA:290,9,1,0
BRF:27
BRH:0
end_of_record
TN:
SF:utils\util.js
FN:1,(anonymous_0)
FN:11,(anonymous_1)
FN:16,(anonymous_2)
FN:30,(anonymous_3)
FN:35,(anonymous_4)
FNF:5
FNH:3
FNDA:2,(anonymous_0)
FNDA:14,(anonymous_1)
FNDA:2,(anonymous_2)
FNDA:0,(anonymous_3)
FNDA:0,(anonymous_4)
DA:1,1
DA:2,2
DA:3,2
DA:4,2
DA:5,2
DA:6,2
DA:7,2
DA:8,2
DA:11,1
DA:12,14
DA:13,14
DA:16,1
DA:19,2
DA:20,1
DA:22,1
DA:23,1
DA:24,1
DA:25,1
DA:30,1
DA:31,0
DA:35,1
DA:36,0
DA:40,1
LF:23
LH:21
BRDA:13,0,0,11
BRDA:13,0,1,3
BRDA:19,1,0,1
BRDA:19,1,1,1
BRDA:19,2,0,2
BRDA:19,2,1,1
BRF:6
BRH:6
end_of_record
